2023/12/07 16:04:55,ログイン画面,LoginController,初期処理,開始
2023/12/07 16:04:55,ログイン画面,LoginController,ログインチェック(boolean)処理,開始
2023/12/07 16:04:55,ログイン画面,LoginController,ログインチェック(boolean)処理,正常終了
2023/12/07 16:04:55,ログイン画面,LoginController,初期処理,正常終了
2023/12/07 16:04:58,ログイン画面,LoginController,ログイン処理,開始
2023/12/07 16:04:58,ログイン処理,LoginService,LDAP認証,開始
2023/12/07 16:04:58,ログイン処理,LoginService,LDAP認証,正常終了
2023/12/07 16:04:58,ログイン画面,LoginController,権限チェック(boolean)処理,開始
2023/12/07 16:04:58,ログイン画面,LoginController,権限チェック(boolean)処理,正常終了
2023/12/07 16:04:58,ログイン画面,LoginController,ログイン処理,正常終了
2023/12/07 16:04:58,メニュー画面,MenuController,初期処理,開始
2023/12/07 16:04:58,メニュー画面,LoginController,ログインチェック(boolean)処理,開始
2023/12/07 16:04:58,メニュー画面,LoginController,ログインチェック(boolean)処理,正常終了
2023/12/07 16:04:58,メニュー画面,LoginController,権限チェック(boolean)処理,開始
2023/12/07 16:04:58,メニュー画面,LoginController,権限チェック(boolean)処理,正常終了
2023/12/07 16:04:58,メニュー画面,MenuController,初期処理,正常終了
2023/12/07 16:05:10,利用者管理機能：利用者検索,UserListController,利用者一覧初期処理,開始
2023/12/07 16:05:10,利用者管理機能：利用者検索,LoginController,ログインチェック(boolean)処理,開始
2023/12/07 16:05:10,利用者管理機能：利用者検索,LoginController,ログインチェック(boolean)処理,正常終了
2023/12/07 16:05:10,利用者管理機能：利用者検索,LoginController,権限チェック(boolean)処理,開始
2023/12/07 16:05:10,利用者管理機能：利用者検索,LoginController,権限チェック(boolean)処理,正常終了
2023/12/07 16:05:10,利用者管理機能：利用者検索,UserListController,利用者一覧初期処理,正常終了
2023/12/07 16:05:12,利用者管理機能：利用者検索,UserListController,利用者一覧検索処理,開始
2023/12/07 16:05:12,利用者管理機能：利用者検索,LoginController,ログインチェック(boolean)処理,開始
2023/12/07 16:05:12,利用者管理機能：利用者検索,LoginController,ログインチェック(boolean)処理,正常終了
2023/12/07 16:05:12,利用者管理機能：利用者検索,LoginController,権限チェック(boolean)処理,開始
2023/12/07 16:05:12,利用者管理機能：利用者検索,LoginController,権限チェック(boolean)処理,正常終了
2023/12/07 16:05:12,ユーザー検索一覧画面,UserList,ユーザー一覧取得,開始
2023/12/07 16:05:12,ユーザー検索一覧画面,UserList,ユーザー件数取得,開始
2023/12/07 16:05:13,ユーザー検索一覧画面,UserList,ユーザー件数取得,正常終了
2023/12/07 16:05:13,ユーザー検索一覧画面,UserList,ユーザー件数取得,開始
2023/12/07 16:05:13,ユーザー検索一覧画面,UserList,ユーザー件数取得,正常終了
2023/12/07 16:05:13,ユーザー検索一覧画面,UserList,ユーザー一覧取得,正常終了
2023/12/07 16:05:13,利用者管理機能：利用者検索,UserListController,利用者一覧検索処理,正常終了
2023/12/07 16:05:34,利用者管理機能：利用者検索,UserListController,利用者詳細画面遷移,開始
2023/12/07 16:05:34,利用者管理機能：利用者検索,LoginController,ログインチェック(boolean)処理,開始
2023/12/07 16:05:34,利用者管理機能：利用者検索,LoginController,ログインチェック(boolean)処理,正常終了
2023/12/07 16:05:34,利用者管理機能：利用者検索,LoginController,権限チェック(boolean)処理,開始
2023/12/07 16:05:34,利用者管理機能：利用者検索,LoginController,権限チェック(boolean)処理,正常終了
2023/12/07 16:05:34,利用者管理機能：利用者検索,UserListController,利用者詳細画面遷移,正常終了
2023/12/07 16:05:34,利用者管理機能：利用者検索,UserSetController,利用者情報登録初期処理,開始
2023/12/07 16:05:34,利用者管理機能：利用者検索,LoginController,ログインチェック(boolean)処理,開始
2023/12/07 16:05:34,利用者管理機能：利用者検索,LoginController,ログインチェック(boolean)処理,正常終了
2023/12/07 16:05:34,利用者管理機能：利用者検索,LoginController,権限チェック(boolean)処理,開始
2023/12/07 16:05:34,利用者管理機能：利用者検索,LoginController,権限チェック(boolean)処理,正常終了
2023/12/07 16:05:34,ユーザー詳細画面,UserDetailDto,ユーザー詳細情報取得,開始
2023/12/07 16:05:34,利用者管理機能：利用者検索,UserSetController,利用者情報登録初期処理,異常終了
2023/12/07 16:06:04,利用者管理機能：利用者検索,UserListController,利用者一覧初期処理,開始
2023/12/07 16:06:04,利用者管理機能：利用者検索,LoginController,ログインチェック(boolean)処理,開始
2023/12/07 16:06:04,利用者管理機能：利用者検索,LoginController,ログインチェック(boolean)処理,正常終了
2023/12/07 16:06:04,利用者管理機能：利用者検索,LoginController,権限チェック(boolean)処理,開始
2023/12/07 16:06:04,利用者管理機能：利用者検索,LoginController,権限チェック(boolean)処理,正常終了
2023/12/07 16:06:04,利用者管理機能：利用者検索,UserListController,利用者一覧初期処理,正常終了
2023/12/07 16:06:06,利用者管理機能：利用者検索,UserListController,利用者一覧検索処理,開始
2023/12/07 16:06:06,利用者管理機能：利用者検索,LoginController,ログインチェック(boolean)処理,開始
2023/12/07 16:06:06,利用者管理機能：利用者検索,LoginController,ログインチェック(boolean)処理,正常終了
2023/12/07 16:06:06,利用者管理機能：利用者検索,LoginController,権限チェック(boolean)処理,開始
2023/12/07 16:06:06,利用者管理機能：利用者検索,LoginController,権限チェック(boolean)処理,正常終了
2023/12/07 16:06:06,ユーザー検索一覧画面,UserList,ユーザー一覧取得,開始
2023/12/07 16:06:06,ユーザー検索一覧画面,UserList,ユーザー件数取得,開始
2023/12/07 16:06:06,ユーザー検索一覧画面,UserList,ユーザー件数取得,正常終了
2023/12/07 16:06:06,ユーザー検索一覧画面,UserList,ユーザー件数取得,開始
2023/12/07 16:06:06,ユーザー検索一覧画面,UserList,ユーザー件数取得,正常終了
2023/12/07 16:06:06,ユーザー検索一覧画面,UserList,ユーザー一覧取得,正常終了
2023/12/07 16:06:06,利用者管理機能：利用者検索,UserListController,利用者一覧検索処理,正常終了
2023/12/07 16:06:08,利用者管理機能：利用者検索,UserListController,利用者詳細画面遷移,開始
2023/12/07 16:06:08,利用者管理機能：利用者検索,LoginController,ログインチェック(boolean)処理,開始
2023/12/07 16:06:08,利用者管理機能：利用者検索,LoginController,ログインチェック(boolean)処理,正常終了
2023/12/07 16:06:08,利用者管理機能：利用者検索,LoginController,権限チェック(boolean)処理,開始
2023/12/07 16:06:08,利用者管理機能：利用者検索,LoginController,権限チェック(boolean)処理,正常終了
2023/12/07 16:06:08,利用者管理機能：利用者検索,UserListController,利用者詳細画面遷移,正常終了
2023/12/07 16:06:08,利用者管理機能：利用者検索,UserSetController,利用者情報登録初期処理,開始
2023/12/07 16:06:08,利用者管理機能：利用者検索,LoginController,ログインチェック(boolean)処理,開始
2023/12/07 16:06:08,利用者管理機能：利用者検索,LoginController,ログインチェック(boolean)処理,正常終了
2023/12/07 16:06:08,利用者管理機能：利用者検索,LoginController,権限チェック(boolean)処理,開始
2023/12/07 16:06:08,利用者管理機能：利用者検索,LoginController,権限チェック(boolean)処理,正常終了
2023/12/07 16:06:08,ユーザー詳細画面,UserDetailDto,ユーザー詳細情報取得,開始
2023/12/07 16:06:08,利用者管理機能：利用者検索,UserSetController,利用者情報登録初期処理,異常終了
2023/12/07 16:06:16,利用者管理機能：利用者検索,UserListController,利用者一覧初期処理,開始
2023/12/07 16:06:16,利用者管理機能：利用者検索,LoginController,ログインチェック(boolean)処理,開始
2023/12/07 16:06:16,利用者管理機能：利用者検索,LoginController,ログインチェック(boolean)処理,正常終了
2023/12/07 16:06:16,利用者管理機能：利用者検索,LoginController,権限チェック(boolean)処理,開始
2023/12/07 16:06:16,利用者管理機能：利用者検索,LoginController,権限チェック(boolean)処理,正常終了
2023/12/07 16:06:16,利用者管理機能：利用者検索,UserListController,利用者一覧初期処理,正常終了
2023/12/07 16:06:21,利用者管理機能：利用者検索,UserListController,利用者一覧検索処理,開始
2023/12/07 16:06:21,利用者管理機能：利用者検索,LoginController,ログインチェック(boolean)処理,開始
2023/12/07 16:06:21,利用者管理機能：利用者検索,LoginController,ログインチェック(boolean)処理,正常終了
2023/12/07 16:06:21,利用者管理機能：利用者検索,LoginController,権限チェック(boolean)処理,開始
2023/12/07 16:06:21,利用者管理機能：利用者検索,LoginController,権限チェック(boolean)処理,正常終了
2023/12/07 16:06:21,ユーザー検索一覧画面,UserList,ユーザー一覧取得,開始
2023/12/07 16:06:21,ユーザー検索一覧画面,UserList,ユーザー件数取得,開始
2023/12/07 16:06:21,ユーザー検索一覧画面,UserList,ユーザー件数取得,正常終了
2023/12/07 16:06:21,ユーザー検索一覧画面,UserList,ユーザー件数取得,開始
2023/12/07 16:06:21,ユーザー検索一覧画面,UserList,ユーザー件数取得,正常終了
2023/12/07 16:06:21,ユーザー検索一覧画面,UserList,ユーザー一覧取得,正常終了
2023/12/07 16:06:21,利用者管理機能：利用者検索,UserListController,利用者一覧検索処理,正常終了
2023/12/07 16:06:27,利用者管理機能：利用者検索,UserListController,利用者詳細画面遷移,開始
2023/12/07 16:06:27,利用者管理機能：利用者検索,LoginController,ログインチェック(boolean)処理,開始
2023/12/07 16:06:27,利用者管理機能：利用者検索,LoginController,ログインチェック(boolean)処理,正常終了
2023/12/07 16:06:27,利用者管理機能：利用者検索,LoginController,権限チェック(boolean)処理,開始
2023/12/07 16:06:27,利用者管理機能：利用者検索,LoginController,権限チェック(boolean)処理,正常終了
2023/12/07 16:06:27,利用者管理機能：利用者検索,UserListController,利用者詳細画面遷移,正常終了
2023/12/07 16:06:27,利用者管理機能：利用者検索,UserSetController,利用者情報登録初期処理,開始
2023/12/07 16:06:27,利用者管理機能：利用者検索,LoginController,ログインチェック(boolean)処理,開始
2023/12/07 16:06:27,利用者管理機能：利用者検索,LoginController,ログインチェック(boolean)処理,正常終了
2023/12/07 16:06:27,利用者管理機能：利用者検索,LoginController,権限チェック(boolean)処理,開始
2023/12/07 16:06:27,利用者管理機能：利用者検索,LoginController,権限チェック(boolean)処理,正常終了
2023/12/07 16:06:27,ユーザー詳細画面,UserDetailDto,ユーザー詳細情報取得,開始
2023/12/07 16:06:27,利用者管理機能：利用者検索,UserSetController,利用者情報登録初期処理,異常終了
2023/12/07 16:06:32,利用者管理機能：利用者検索,UserListController,利用者一覧初期処理,開始
2023/12/07 16:06:32,利用者管理機能：利用者検索,LoginController,ログインチェック(boolean)処理,開始
2023/12/07 16:06:32,利用者管理機能：利用者検索,LoginController,ログインチェック(boolean)処理,正常終了
2023/12/07 16:06:32,利用者管理機能：利用者検索,LoginController,権限チェック(boolean)処理,開始
2023/12/07 16:06:32,利用者管理機能：利用者検索,LoginController,権限チェック(boolean)処理,正常終了
2023/12/07 16:06:32,利用者管理機能：利用者検索,UserListController,利用者一覧初期処理,正常終了
2023/12/07 16:06:36,利用者管理機能：利用者検索,UserListController,利用者一覧検索処理,開始
2023/12/07 16:06:36,利用者管理機能：利用者検索,LoginController,ログインチェック(boolean)処理,開始
2023/12/07 16:06:36,利用者管理機能：利用者検索,LoginController,ログインチェック(boolean)処理,正常終了
2023/12/07 16:06:36,利用者管理機能：利用者検索,LoginController,権限チェック(boolean)処理,開始
2023/12/07 16:06:36,利用者管理機能：利用者検索,LoginController,権限チェック(boolean)処理,正常終了
2023/12/07 16:06:36,ユーザー検索一覧画面,UserList,ユーザー一覧取得,開始
2023/12/07 16:06:36,ユーザー検索一覧画面,UserList,ユーザー件数取得,開始
2023/12/07 16:06:36,ユーザー検索一覧画面,UserList,ユーザー件数取得,正常終了
2023/12/07 16:06:36,ユーザー検索一覧画面,UserList,ユーザー件数取得,開始
2023/12/07 16:06:36,ユーザー検索一覧画面,UserList,ユーザー件数取得,正常終了
2023/12/07 16:06:36,ユーザー検索一覧画面,UserList,ユーザー一覧取得,正常終了
2023/12/07 16:06:36,利用者管理機能：利用者検索,UserListController,利用者一覧検索処理,正常終了
2023/12/07 16:06:38,利用者管理機能：利用者検索,UserListController,利用者詳細画面遷移,開始
2023/12/07 16:06:38,利用者管理機能：利用者検索,LoginController,ログインチェック(boolean)処理,開始
2023/12/07 16:06:38,利用者管理機能：利用者検索,LoginController,ログインチェック(boolean)処理,正常終了
2023/12/07 16:06:38,利用者管理機能：利用者検索,LoginController,権限チェック(boolean)処理,開始
2023/12/07 16:06:38,利用者管理機能：利用者検索,LoginController,権限チェック(boolean)処理,正常終了
2023/12/07 16:06:38,利用者管理機能：利用者検索,UserListController,利用者詳細画面遷移,正常終了
2023/12/07 16:06:38,利用者管理機能：利用者検索,UserSetController,利用者情報登録初期処理,開始
2023/12/07 16:06:38,利用者管理機能：利用者検索,LoginController,ログインチェック(boolean)処理,開始
2023/12/07 16:06:38,利用者管理機能：利用者検索,LoginController,ログインチェック(boolean)処理,正常終了
2023/12/07 16:06:38,利用者管理機能：利用者検索,LoginController,権限チェック(boolean)処理,開始
2023/12/07 16:06:38,利用者管理機能：利用者検索,LoginController,権限チェック(boolean)処理,正常終了
2023/12/07 16:06:38,ユーザー詳細画面,UserDetailDto,ユーザー詳細情報取得,開始
2023/12/07 16:06:38,利用者管理機能：利用者検索,UserSetController,利用者情報登録初期処理,異常終了
2023/12/07 16:06:41,利用者管理機能：利用者検索,UserListController,利用者一覧初期処理,開始
2023/12/07 16:06:41,利用者管理機能：利用者検索,LoginController,ログインチェック(boolean)処理,開始
2023/12/07 16:06:41,利用者管理機能：利用者検索,LoginController,ログインチェック(boolean)処理,正常終了
2023/12/07 16:06:41,利用者管理機能：利用者検索,LoginController,権限チェック(boolean)処理,開始
2023/12/07 16:06:41,利用者管理機能：利用者検索,LoginController,権限チェック(boolean)処理,正常終了
2023/12/07 16:06:41,利用者管理機能：利用者検索,UserListController,利用者一覧初期処理,正常終了
2023/12/07 16:06:43,利用者管理機能：利用者検索,UserListController,利用者一覧検索処理,開始
2023/12/07 16:06:43,利用者管理機能：利用者検索,LoginController,ログインチェック(boolean)処理,開始
2023/12/07 16:06:43,利用者管理機能：利用者検索,LoginController,ログインチェック(boolean)処理,正常終了
2023/12/07 16:06:43,利用者管理機能：利用者検索,LoginController,権限チェック(boolean)処理,開始
2023/12/07 16:06:43,利用者管理機能：利用者検索,LoginController,権限チェック(boolean)処理,正常終了
2023/12/07 16:06:43,ユーザー検索一覧画面,UserList,ユーザー一覧取得,開始
2023/12/07 16:06:43,ユーザー検索一覧画面,UserList,ユーザー件数取得,開始
2023/12/07 16:06:43,ユーザー検索一覧画面,UserList,ユーザー件数取得,正常終了
2023/12/07 16:06:43,ユーザー検索一覧画面,UserList,ユーザー件数取得,開始
2023/12/07 16:06:43,ユーザー検索一覧画面,UserList,ユーザー件数取得,正常終了
2023/12/07 16:06:43,ユーザー検索一覧画面,UserList,ユーザー一覧取得,正常終了
2023/12/07 16:06:43,利用者管理機能：利用者検索,UserListController,利用者一覧検索処理,正常終了
2023/12/07 16:07:05,利用者管理機能：利用者検索,UserListController,利用者詳細画面遷移,開始
2023/12/07 16:07:05,利用者管理機能：利用者検索,LoginController,ログインチェック(boolean)処理,開始
2023/12/07 16:07:05,利用者管理機能：利用者検索,LoginController,ログインチェック(boolean)処理,正常終了
2023/12/07 16:07:05,利用者管理機能：利用者検索,LoginController,権限チェック(boolean)処理,開始
2023/12/07 16:07:05,利用者管理機能：利用者検索,LoginController,権限チェック(boolean)処理,正常終了
2023/12/07 16:07:05,利用者管理機能：利用者検索,UserListController,利用者詳細画面遷移,正常終了
2023/12/07 16:07:05,利用者管理機能：利用者検索,UserSetController,利用者情報登録初期処理,開始
2023/12/07 16:07:05,利用者管理機能：利用者検索,LoginController,ログインチェック(boolean)処理,開始
2023/12/07 16:07:05,利用者管理機能：利用者検索,LoginController,ログインチェック(boolean)処理,正常終了
2023/12/07 16:07:05,利用者管理機能：利用者検索,LoginController,権限チェック(boolean)処理,開始
2023/12/07 16:07:05,利用者管理機能：利用者検索,LoginController,権限チェック(boolean)処理,正常終了
2023/12/07 16:07:05,ユーザー詳細画面,UserDetailDto,ユーザー詳細情報取得,開始
2023/12/07 16:07:05,利用者管理機能：利用者検索,UserSetController,利用者情報登録初期処理,異常終了
