2023/12/06 14:20:59,ログイン画面,LoginController,初期処理,開始
2023/12/06 14:20:59,ログイン画面,LoginController,ログインチェック(boolean)処理,開始
2023/12/06 14:20:59,ログイン画面,LoginController,ログインチェック(boolean)処理,正常終了
2023/12/06 14:20:59,ログイン画面,LoginController,初期処理,正常終了
2023/12/06 14:21:11,ログイン画面,LoginController,ログイン処理,開始
2023/12/06 14:21:11,ログイン画面,LoginController,初期処理,開始
2023/12/06 14:21:11,ログイン画面,LoginController,ログインチェック(boolean)処理,開始
2023/12/06 14:21:11,ログイン画面,LoginController,ログインチェック(boolean)処理,正常終了
2023/12/06 14:21:11,ログイン画面,LoginController,初期処理,正常終了
2023/12/06 14:27:21,ログイン画面,LoginController,ログイン処理,開始
2023/12/06 14:27:21,ログイン画面,LoginController,初期処理,開始
2023/12/06 14:27:21,ログイン画面,LoginController,ログインチェック(boolean)処理,開始
2023/12/06 14:27:21,ログイン画面,LoginController,ログインチェック(boolean)処理,正常終了
2023/12/06 14:27:21,ログイン画面,LoginController,初期処理,正常終了
2023/12/06 14:42:46,ログイン画面,LoginController,ログイン処理,開始
2023/12/06 14:42:46,ログイン画面,LoginController,初期処理,開始
2023/12/06 14:42:46,ログイン画面,LoginController,ログインチェック(boolean)処理,開始
2023/12/06 14:42:46,ログイン画面,LoginController,ログインチェック(boolean)処理,正常終了
2023/12/06 14:42:46,ログイン画面,LoginController,初期処理,正常終了
2023/12/06 14:42:52,ログイン画面,LoginController,ログイン処理,開始
2023/12/06 14:42:52,ログイン処理,LoginService,LDAP認証,開始
2023/12/06 14:42:52,ログイン画面,LoginController,ログイン処理,異常終了Connect Error
2023/12/06 14:42:52,ログイン画面,LoginController,初期処理,開始
2023/12/06 14:42:52,ログイン画面,LoginController,ログインチェック(boolean)処理,開始
2023/12/06 14:42:52,ログイン画面,LoginController,ログインチェック(boolean)処理,正常終了
2023/12/06 14:42:52,ログイン画面,LoginController,初期処理,正常終了
2023/12/06 14:44:59,ログイン画面,LoginController,ログイン処理,開始
2023/12/06 14:44:59,ログイン処理,LoginService,LDAP認証,開始
2023/12/06 14:44:59,ログイン画面,LoginController,ログイン処理,異常終了Connect Error
2023/12/06 14:44:59,ログイン画面,LoginController,初期処理,開始
2023/12/06 14:44:59,ログイン画面,LoginController,ログインチェック(boolean)処理,開始
2023/12/06 14:44:59,ログイン画面,LoginController,ログインチェック(boolean)処理,正常終了
2023/12/06 14:44:59,ログイン画面,LoginController,初期処理,正常終了
2023/12/06 14:45:32,ログイン画面,LoginController,ログイン処理,開始
2023/12/06 14:45:32,ログイン画面,LoginController,初期処理,開始
2023/12/06 14:45:32,ログイン画面,LoginController,ログインチェック(boolean)処理,開始
2023/12/06 14:45:32,ログイン画面,LoginController,ログインチェック(boolean)処理,正常終了
2023/12/06 14:45:32,ログイン画面,LoginController,初期処理,正常終了
2023/12/06 14:45:37,ログイン画面,LoginController,ログイン処理,開始
2023/12/06 14:45:37,ログイン処理,LoginService,LDAP認証,開始
2023/12/06 14:45:37,ログイン画面,LoginController,ログイン処理,異常終了Connect Error
2023/12/06 14:45:37,ログイン画面,LoginController,初期処理,開始
2023/12/06 14:45:37,ログイン画面,LoginController,ログインチェック(boolean)処理,開始
2023/12/06 14:45:37,ログイン画面,LoginController,ログインチェック(boolean)処理,正常終了
2023/12/06 14:45:37,ログイン画面,LoginController,初期処理,正常終了
2023/12/06 14:45:54,ログイン画面,LoginController,ログイン処理,開始
2023/12/06 14:45:54,ログイン処理,LoginService,LDAP認証,開始
2023/12/06 14:45:54,ログイン画面,LoginController,ログイン処理,異常終了Connect Error
2023/12/06 14:45:54,ログイン画面,LoginController,初期処理,開始
2023/12/06 14:45:54,ログイン画面,LoginController,ログインチェック(boolean)処理,開始
2023/12/06 14:45:54,ログイン画面,LoginController,ログインチェック(boolean)処理,正常終了
2023/12/06 14:45:54,ログイン画面,LoginController,初期処理,正常終了
2023/12/06 14:46:17,ログイン画面,LoginController,ログイン処理,開始
2023/12/06 14:46:17,ログイン画面,LoginController,初期処理,開始
2023/12/06 14:46:17,ログイン画面,LoginController,ログインチェック(boolean)処理,開始
2023/12/06 14:46:17,ログイン画面,LoginController,ログインチェック(boolean)処理,正常終了
2023/12/06 14:46:17,ログイン画面,LoginController,初期処理,正常終了
2023/12/06 14:47:25,ログイン画面,LoginController,ログイン処理,開始
2023/12/06 14:47:25,ログイン処理,LoginService,LDAP認証,開始
2023/12/06 14:47:25,ログイン画面,LoginController,ログイン処理,異常終了Connect Error
2023/12/06 14:47:25,ログイン画面,LoginController,初期処理,開始
2023/12/06 14:47:25,ログイン画面,LoginController,ログインチェック(boolean)処理,開始
2023/12/06 14:47:25,ログイン画面,LoginController,ログインチェック(boolean)処理,正常終了
2023/12/06 14:47:25,ログイン画面,LoginController,初期処理,正常終了
2023/12/06 14:47:27,ログイン画面,LoginController,ログイン処理,開始
2023/12/06 14:47:27,ログイン処理,LoginService,LDAP認証,開始
2023/12/06 14:47:27,ログイン画面,LoginController,ログイン処理,異常終了Connect Error
2023/12/06 14:47:27,ログイン画面,LoginController,初期処理,開始
2023/12/06 14:47:27,ログイン画面,LoginController,ログインチェック(boolean)処理,開始
2023/12/06 14:47:27,ログイン画面,LoginController,ログインチェック(boolean)処理,正常終了
2023/12/06 14:47:27,ログイン画面,LoginController,初期処理,正常終了
2023/12/06 14:47:41,ログイン画面,LoginController,ログイン処理,開始
2023/12/06 14:48:30,ログイン処理,LoginService,LDAP認証,開始
2023/12/06 14:48:30,ログイン画面,LoginController,ログイン処理,異常終了Connect Error
2023/12/06 14:48:30,ログイン画面,LoginController,初期処理,開始
2023/12/06 14:48:30,ログイン画面,LoginController,ログインチェック(boolean)処理,開始
2023/12/06 14:48:30,ログイン画面,LoginController,ログインチェック(boolean)処理,正常終了
2023/12/06 14:48:30,ログイン画面,LoginController,初期処理,正常終了
2023/12/06 14:49:00,ログイン画面,LoginController,ログイン処理,開始
2023/12/06 14:49:00,ログイン処理,LoginService,LDAP認証,開始
2023/12/06 14:49:00,ログイン画面,LoginController,ログイン処理,異常終了Connect Error
2023/12/06 14:49:00,ログイン画面,LoginController,初期処理,開始
2023/12/06 14:49:00,ログイン画面,LoginController,ログインチェック(boolean)処理,開始
2023/12/06 14:49:00,ログイン画面,LoginController,ログインチェック(boolean)処理,正常終了
2023/12/06 14:49:00,ログイン画面,LoginController,初期処理,正常終了
2023/12/06 14:49:11,ログイン画面,LoginController,初期処理,開始
2023/12/06 14:49:11,ログイン画面,LoginController,ログインチェック(boolean)処理,開始
2023/12/06 14:49:11,ログイン画面,LoginController,ログインチェック(boolean)処理,正常終了
2023/12/06 14:49:11,ログイン画面,LoginController,初期処理,正常終了
2023/12/06 14:49:14,ログイン画面,LoginController,ログイン処理,開始
2023/12/06 14:49:14,ログイン画面,LoginController,初期処理,開始
2023/12/06 14:49:14,ログイン画面,LoginController,ログインチェック(boolean)処理,開始
2023/12/06 14:49:14,ログイン画面,LoginController,ログインチェック(boolean)処理,正常終了
2023/12/06 14:49:14,ログイン画面,LoginController,初期処理,正常終了
2023/12/06 14:49:19,ログイン画面,LoginController,ログイン処理,開始
2023/12/06 14:49:19,ログイン処理,LoginService,LDAP認証,開始
2023/12/06 14:49:19,ログイン画面,LoginController,ログイン処理,異常終了Connect Error
2023/12/06 14:49:19,ログイン画面,LoginController,初期処理,開始
2023/12/06 14:49:19,ログイン画面,LoginController,ログインチェック(boolean)処理,開始
2023/12/06 14:49:19,ログイン画面,LoginController,ログインチェック(boolean)処理,正常終了
2023/12/06 14:49:19,ログイン画面,LoginController,初期処理,正常終了
2023/12/06 14:49:22,ログイン画面,LoginController,ログイン処理,開始
2023/12/06 14:49:22,ログイン処理,LoginService,LDAP認証,開始
2023/12/06 14:49:22,ログイン画面,LoginController,ログイン処理,異常終了Connect Error
2023/12/06 14:49:22,ログイン画面,LoginController,初期処理,開始
2023/12/06 14:49:22,ログイン画面,LoginController,ログインチェック(boolean)処理,開始
2023/12/06 14:49:22,ログイン画面,LoginController,ログインチェック(boolean)処理,正常終了
2023/12/06 14:49:22,ログイン画面,LoginController,初期処理,正常終了
2023/12/06 14:49:53,ログイン画面,LoginController,初期処理,開始
2023/12/06 14:49:53,ログイン画面,LoginController,ログインチェック(boolean)処理,開始
2023/12/06 14:49:53,ログイン画面,LoginController,ログインチェック(boolean)処理,正常終了
2023/12/06 14:49:53,ログイン画面,LoginController,初期処理,正常終了
2023/12/06 15:01:11,ログイン画面,LoginController,初期処理,開始
2023/12/06 15:01:11,ログイン画面,LoginController,ログインチェック(boolean)処理,開始
2023/12/06 15:01:11,ログイン画面,LoginController,ログインチェック(boolean)処理,正常終了
2023/12/06 15:01:11,ログイン画面,LoginController,初期処理,正常終了
2023/12/06 15:01:14,ログイン画面,LoginController,ログイン処理,開始
2023/12/06 15:01:14,ログイン処理,LoginService,LDAP認証,開始
2023/12/06 15:01:14,ログイン処理,LoginService,LDAP認証,正常終了
2023/12/06 15:01:14,ログイン画面,LoginController,権限チェック(boolean)処理,開始
2023/12/06 15:01:14,ログイン画面,LoginController,権限チェック(boolean)処理,正常終了
2023/12/06 15:01:14,ログイン画面,LoginController,ログイン処理,正常終了
2023/12/06 15:01:14,メニュー画面,MenuController,初期処理,開始
2023/12/06 15:01:14,メニュー画面,LoginController,ログインチェック(boolean)処理,開始
2023/12/06 15:01:14,メニュー画面,LoginController,ログインチェック(boolean)処理,正常終了
2023/12/06 15:01:14,メニュー画面,LoginController,権限チェック(boolean)処理,開始
2023/12/06 15:01:14,メニュー画面,LoginController,権限チェック(boolean)処理,正常終了
2023/12/06 15:01:14,メニュー画面,MenuController,初期処理,正常終了
2023/12/06 15:04:16,利用者管理機能：利用者検索,UserListController,利用者一覧初期処理,開始
2023/12/06 15:04:16,利用者管理機能：利用者検索,LoginController,ログインチェック(boolean)処理,開始
2023/12/06 15:04:16,利用者管理機能：利用者検索,LoginController,ログインチェック(boolean)処理,正常終了
2023/12/06 15:04:16,利用者管理機能：利用者検索,LoginController,権限チェック(boolean)処理,開始
2023/12/06 15:04:16,利用者管理機能：利用者検索,LoginController,権限チェック(boolean)処理,正常終了
2023/12/06 15:04:16,利用者管理機能：利用者検索,UserListController,利用者一覧初期処理,正常終了
2023/12/06 15:04:21,利用者管理機能：利用者検索,UserListController,利用者一覧検索処理,開始
2023/12/06 15:04:21,利用者管理機能：利用者検索,LoginController,ログインチェック(boolean)処理,開始
2023/12/06 15:04:21,利用者管理機能：利用者検索,LoginController,ログインチェック(boolean)処理,正常終了
2023/12/06 15:04:21,利用者管理機能：利用者検索,LoginController,権限チェック(boolean)処理,開始
2023/12/06 15:04:21,利用者管理機能：利用者検索,LoginController,権限チェック(boolean)処理,正常終了
2023/12/06 15:04:21,ユーザー検索一覧画面,UserList,ユーザー一覧取得,開始
2023/12/06 15:04:21,ユーザー検索一覧画面,UserList,ユーザー件数取得,開始
2023/12/06 15:04:21,ユーザー検索一覧画面,UserList,ユーザー件数取得,正常終了
2023/12/06 15:04:21,ユーザー検索一覧画面,UserList,ユーザー件数取得,開始
2023/12/06 15:04:21,ユーザー検索一覧画面,UserList,ユーザー件数取得,正常終了
2023/12/06 15:04:21,ユーザー検索一覧画面,UserList,ユーザー一覧取得,正常終了
2023/12/06 15:04:21,利用者管理機能：利用者検索,UserListController,利用者一覧検索処理,正常終了
2023/12/06 15:04:24,利用者管理機能：利用者検索,UserListController,利用者一覧検索処理,開始
2023/12/06 15:04:24,利用者管理機能：利用者検索,LoginController,ログインチェック(boolean)処理,開始
2023/12/06 15:04:24,利用者管理機能：利用者検索,LoginController,ログインチェック(boolean)処理,正常終了
2023/12/06 15:04:24,利用者管理機能：利用者検索,LoginController,権限チェック(boolean)処理,開始
2023/12/06 15:04:24,利用者管理機能：利用者検索,LoginController,権限チェック(boolean)処理,正常終了
2023/12/06 15:04:24,ユーザー検索一覧画面,UserList,ユーザー一覧取得,開始
2023/12/06 15:04:24,ユーザー検索一覧画面,UserList,ユーザー件数取得,開始
2023/12/06 15:04:24,ユーザー検索一覧画面,UserList,ユーザー件数取得,正常終了
2023/12/06 15:04:24,ユーザー検索一覧画面,UserList,ユーザー件数取得,開始
2023/12/06 15:04:24,ユーザー検索一覧画面,UserList,ユーザー件数取得,正常終了
2023/12/06 15:04:24,ユーザー検索一覧画面,UserList,ユーザー一覧取得,正常終了
2023/12/06 15:04:24,利用者管理機能：利用者検索,UserListController,利用者一覧検索処理,正常終了
2023/12/06 15:04:26,ログイン画面,LoginController,初期処理,開始
2023/12/06 15:04:26,ログイン画面,LoginController,ログインチェック(boolean)処理,開始
2023/12/06 15:04:26,ログイン画面,LoginController,ログインチェック(boolean)処理,正常終了
2023/12/06 15:04:26,ログイン画面,LoginController,権限チェック(boolean)処理,開始
2023/12/06 15:04:26,ログイン画面,LoginController,権限チェック(boolean)処理,正常終了
2023/12/06 15:04:26,ログイン画面,LoginController,初期処理,正常終了
2023/12/06 15:04:26,メニュー画面,MenuController,初期処理,開始
2023/12/06 15:04:26,メニュー画面,LoginController,ログインチェック(boolean)処理,開始
2023/12/06 15:04:26,メニュー画面,LoginController,ログインチェック(boolean)処理,正常終了
2023/12/06 15:04:26,メニュー画面,LoginController,権限チェック(boolean)処理,開始
2023/12/06 15:04:26,メニュー画面,LoginController,権限チェック(boolean)処理,正常終了
2023/12/06 15:04:26,メニュー画面,MenuController,初期処理,正常終了
2023/12/06 15:04:27,グループ設定画面処理,AuthGroupSetController,初期処理,開始
2023/12/06 15:04:27,グループ設定画面処理,AuthGroupSetController,初期処理,正常終了
2023/12/06 15:04:32,ログイン画面,LoginController,初期処理,開始
2023/12/06 15:04:32,ログイン画面,LoginController,ログインチェック(boolean)処理,開始
2023/12/06 15:04:32,ログイン画面,LoginController,ログインチェック(boolean)処理,正常終了
2023/12/06 15:04:32,ログイン画面,LoginController,権限チェック(boolean)処理,開始
2023/12/06 15:04:32,ログイン画面,LoginController,権限チェック(boolean)処理,正常終了
2023/12/06 15:04:32,ログイン画面,LoginController,初期処理,正常終了
2023/12/06 15:04:32,メニュー画面,MenuController,初期処理,開始
2023/12/06 15:04:32,メニュー画面,LoginController,ログインチェック(boolean)処理,開始
2023/12/06 15:04:32,メニュー画面,LoginController,ログインチェック(boolean)処理,正常終了
2023/12/06 15:04:32,メニュー画面,LoginController,権限チェック(boolean)処理,開始
2023/12/06 15:04:32,メニュー画面,LoginController,権限チェック(boolean)処理,正常終了
2023/12/06 15:04:32,メニュー画面,MenuController,初期処理,正常終了
2023/12/06 15:04:33,汎用コードマスタ設定画面,GpuMasterSetController,初期処理,開始
2023/12/06 15:04:33,汎用コードマスタ設定画面,LoginController,ログインチェック(boolean)処理,開始
2023/12/06 15:04:33,汎用コードマスタ設定画面,LoginController,ログインチェック(boolean)処理,正常終了
2023/12/06 15:04:33,汎用コードマスタ設定画面,LoginController,権限チェック(boolean)処理,開始
2023/12/06 15:04:33,汎用コードマスタ設定画面,LoginController,権限チェック(boolean)処理,正常終了
2023/12/06 15:04:33,汎用コードマスタ設定画面,GpuMasterSetService,分類コード名称リスト検索処理,開始
2023/12/06 15:04:33,汎用コードマスタ設定画面,GpuMasterSetService,分類コード名称リスト検索処理,正常終了
2023/12/06 15:04:33,汎用コードマスタ設定画面,GpuMasterSetService,分類リスト検索処理,開始
2023/12/06 15:04:33,汎用コードマスタ設定画面,GpuMasterSetService,分類リスト検索処理,正常終了
2023/12/06 15:04:33,汎用コードマスタ設定画面,GpuMasterSetService,値編集のリスト検索処理,開始
2023/12/06 15:04:33,汎用コードマスタ設定画面,GpuMasterSetService,値編集のリスト検索処理,正常終了
2023/12/06 15:04:33,汎用コードマスタ設定画面,GpuMasterSetController,初期処理,正常終了
2023/12/06 15:04:43,汎用コードマスタ設定画面,GpuMasterSetController,初期処理,開始
2023/12/06 15:04:43,汎用コードマスタ設定画面,LoginController,ログインチェック(boolean)処理,開始
2023/12/06 15:04:43,汎用コードマスタ設定画面,LoginController,ログインチェック(boolean)処理,正常終了
2023/12/06 15:04:43,汎用コードマスタ設定画面,LoginController,権限チェック(boolean)処理,開始
2023/12/06 15:04:43,汎用コードマスタ設定画面,LoginController,権限チェック(boolean)処理,正常終了
2023/12/06 15:04:43,汎用コードマスタ設定画面,GpuMasterSetService,分類コード名称リスト検索処理,開始
2023/12/06 15:04:43,汎用コードマスタ設定画面,GpuMasterSetService,分類コード名称リスト検索処理,正常終了
2023/12/06 15:04:43,汎用コードマスタ設定画面,GpuMasterSetService,分類リスト検索処理,開始
2023/12/06 15:04:43,汎用コードマスタ設定画面,GpuMasterSetService,分類リスト検索処理,正常終了
2023/12/06 15:04:43,汎用コードマスタ設定画面,GpuMasterSetService,値編集のリスト検索処理,開始
2023/12/06 15:04:43,汎用コードマスタ設定画面,GpuMasterSetService,値編集のリスト検索処理,正常終了
2023/12/06 15:04:43,汎用コードマスタ設定画面,GpuMasterSetController,初期処理,正常終了
2023/12/06 15:04:45,汎用コードマスタ設定画面,GpuMasterSetController,分類一覧検索処理開始,
2023/12/06 15:04:45,汎用コードマスタ設定画面,GpuMasterSetService,分類コード名称リスト検索処理,開始
2023/12/06 15:04:45,汎用コードマスタ設定画面,GpuMasterSetService,分類コード名称リスト検索処理,正常終了
2023/12/06 15:04:45,汎用コードマスタ設定画面,GpuMasterSetService,値編集のリスト検索処理,開始
2023/12/06 15:04:45,汎用コードマスタ設定画面,GpuMasterSetService,値編集のリスト検索処理,正常終了
2023/12/06 15:04:45,汎用コードマスタ設定画面,GpuMasterSetController,分類一覧検索処理正常終了,
2023/12/06 15:04:45,汎用コードマスタ設定画面,GpuMasterSetController,初期処理,開始
2023/12/06 15:04:45,汎用コードマスタ設定画面,LoginController,ログインチェック(boolean)処理,開始
2023/12/06 15:04:45,汎用コードマスタ設定画面,LoginController,ログインチェック(boolean)処理,正常終了
2023/12/06 15:04:45,汎用コードマスタ設定画面,LoginController,権限チェック(boolean)処理,開始
2023/12/06 15:04:45,汎用コードマスタ設定画面,LoginController,権限チェック(boolean)処理,正常終了
2023/12/06 15:04:45,汎用コードマスタ設定画面,GpuMasterSetService,分類コード名称リスト検索処理,開始
2023/12/06 15:04:45,汎用コードマスタ設定画面,GpuMasterSetService,分類コード名称リスト検索処理,正常終了
2023/12/06 15:04:45,汎用コードマスタ設定画面,GpuMasterSetService,分類リスト検索処理,開始
2023/12/06 15:04:45,汎用コードマスタ設定画面,GpuMasterSetService,分類リスト検索処理,正常終了
2023/12/06 15:04:45,汎用コードマスタ設定画面,GpuMasterSetService,値編集のリスト検索処理,開始
2023/12/06 15:04:45,汎用コードマスタ設定画面,GpuMasterSetService,値編集のリスト検索処理,正常終了
2023/12/06 15:04:45,汎用コードマスタ設定画面,GpuMasterSetController,初期処理,正常終了
2023/12/06 15:04:48,ログイン画面,LoginController,初期処理,開始
2023/12/06 15:04:48,ログイン画面,LoginController,ログインチェック(boolean)処理,開始
2023/12/06 15:04:48,ログイン画面,LoginController,ログインチェック(boolean)処理,正常終了
2023/12/06 15:04:48,ログイン画面,LoginController,権限チェック(boolean)処理,開始
2023/12/06 15:04:48,ログイン画面,LoginController,権限チェック(boolean)処理,正常終了
2023/12/06 15:04:48,ログイン画面,LoginController,初期処理,正常終了
2023/12/06 15:04:48,メニュー画面,MenuController,初期処理,開始
2023/12/06 15:04:48,メニュー画面,LoginController,ログインチェック(boolean)処理,開始
2023/12/06 15:04:48,メニュー画面,LoginController,ログインチェック(boolean)処理,正常終了
2023/12/06 15:04:48,メニュー画面,LoginController,権限チェック(boolean)処理,開始
2023/12/06 15:04:48,メニュー画面,LoginController,権限チェック(boolean)処理,正常終了
2023/12/06 15:04:48,メニュー画面,MenuController,初期処理,正常終了
2023/12/06 15:04:49,セキュリティグループ編集画面,SecurityGrpSetController,初期処理,開始
2023/12/06 15:04:49,セキュリティグループ編集画面,LoginController,ログインチェック(boolean)処理,開始
2023/12/06 15:04:49,セキュリティグループ編集画面,LoginController,ログインチェック(boolean)処理,正常終了
2023/12/06 15:04:49,セキュリティグループ編集画面,LoginController,権限チェック(boolean)処理,開始
2023/12/06 15:04:49,セキュリティグループ編集画面,LoginController,権限チェック(boolean)処理,正常終了
2023/12/06 15:04:49,セキュリティグループ編集画面,SecurityGrpSetController,初期処理,正常終了
2023/12/06 15:04:51,ログイン画面,LoginController,初期処理,開始
2023/12/06 15:04:51,ログイン画面,LoginController,ログインチェック(boolean)処理,開始
2023/12/06 15:04:51,ログイン画面,LoginController,ログインチェック(boolean)処理,正常終了
2023/12/06 15:04:51,ログイン画面,LoginController,権限チェック(boolean)処理,開始
2023/12/06 15:04:51,ログイン画面,LoginController,権限チェック(boolean)処理,正常終了
2023/12/06 15:04:51,ログイン画面,LoginController,初期処理,正常終了
2023/12/06 15:04:51,メニュー画面,MenuController,初期処理,開始
2023/12/06 15:04:51,メニュー画面,LoginController,ログインチェック(boolean)処理,開始
2023/12/06 15:04:51,メニュー画面,LoginController,ログインチェック(boolean)処理,正常終了
2023/12/06 15:04:51,メニュー画面,LoginController,権限チェック(boolean)処理,開始
2023/12/06 15:04:51,メニュー画面,LoginController,権限チェック(boolean)処理,正常終了
2023/12/06 15:04:51,メニュー画面,MenuController,初期処理,正常終了
2023/12/06 15:04:52,利用者管理機能：利用者検索,UserListController,利用者一覧初期処理,開始
2023/12/06 15:04:52,利用者管理機能：利用者検索,LoginController,ログインチェック(boolean)処理,開始
2023/12/06 15:04:52,利用者管理機能：利用者検索,LoginController,ログインチェック(boolean)処理,正常終了
2023/12/06 15:04:52,利用者管理機能：利用者検索,LoginController,権限チェック(boolean)処理,開始
2023/12/06 15:04:52,利用者管理機能：利用者検索,LoginController,権限チェック(boolean)処理,正常終了
2023/12/06 15:04:52,利用者管理機能：利用者検索,UserListController,利用者一覧初期処理,正常終了
2023/12/06 15:04:55,利用者管理機能：利用者検索,UserListController,利用者一覧検索処理,開始
2023/12/06 15:04:55,利用者管理機能：利用者検索,LoginController,ログインチェック(boolean)処理,開始
2023/12/06 15:04:55,利用者管理機能：利用者検索,LoginController,ログインチェック(boolean)処理,正常終了
2023/12/06 15:04:55,利用者管理機能：利用者検索,LoginController,権限チェック(boolean)処理,開始
2023/12/06 15:04:55,利用者管理機能：利用者検索,LoginController,権限チェック(boolean)処理,正常終了
2023/12/06 15:04:55,ユーザー検索一覧画面,UserList,ユーザー一覧取得,開始
2023/12/06 15:04:55,ユーザー検索一覧画面,UserList,ユーザー件数取得,開始
2023/12/06 15:04:55,ユーザー検索一覧画面,UserList,ユーザー件数取得,正常終了
2023/12/06 15:04:55,ユーザー検索一覧画面,UserList,ユーザー一覧取得,正常終了
2023/12/06 15:04:55,利用者管理機能：利用者検索,UserListController,利用者一覧検索処理,正常終了
2023/12/06 15:05:17,利用者管理機能：利用者検索,UserListController,利用者一覧検索処理,開始
2023/12/06 15:05:17,利用者管理機能：利用者検索,LoginController,ログインチェック(boolean)処理,開始
2023/12/06 15:05:17,利用者管理機能：利用者検索,LoginController,ログインチェック(boolean)処理,正常終了
2023/12/06 15:05:17,利用者管理機能：利用者検索,LoginController,権限チェック(boolean)処理,開始
2023/12/06 15:05:17,利用者管理機能：利用者検索,LoginController,権限チェック(boolean)処理,正常終了
2023/12/06 15:05:17,ユーザー検索一覧画面,UserList,ユーザー一覧取得,開始
2023/12/06 15:05:17,ユーザー検索一覧画面,UserList,ユーザー件数取得,開始
2023/12/06 15:05:17,ユーザー検索一覧画面,UserList,ユーザー件数取得,正常終了
2023/12/06 15:05:17,ユーザー検索一覧画面,UserList,ユーザー一覧取得,正常終了
2023/12/06 15:05:17,利用者管理機能：利用者検索,UserListController,利用者一覧検索処理,正常終了
2023/12/06 15:05:33,ログイン画面,LoginController,初期処理,開始
2023/12/06 15:05:33,ログイン画面,LoginController,ログインチェック(boolean)処理,開始
2023/12/06 15:05:33,ログイン画面,LoginController,ログインチェック(boolean)処理,正常終了
2023/12/06 15:05:33,ログイン画面,LoginController,権限チェック(boolean)処理,開始
2023/12/06 15:05:33,ログイン画面,LoginController,権限チェック(boolean)処理,正常終了
2023/12/06 15:05:33,ログイン画面,LoginController,初期処理,正常終了
2023/12/06 15:05:33,メニュー画面,MenuController,初期処理,開始
2023/12/06 15:05:33,メニュー画面,LoginController,ログインチェック(boolean)処理,開始
2023/12/06 15:05:33,メニュー画面,LoginController,ログインチェック(boolean)処理,正常終了
2023/12/06 15:05:33,メニュー画面,LoginController,権限チェック(boolean)処理,開始
2023/12/06 15:05:33,メニュー画面,LoginController,権限チェック(boolean)処理,正常終了
2023/12/06 15:05:33,メニュー画面,MenuController,初期処理,正常終了
2023/12/06 15:05:35,ルール条件設定画面,AuthRuleSetController,初期処理,開始
2023/12/06 15:05:35,ルール条件設定画面,LoginController,ログインチェック(boolean)処理,開始
2023/12/06 15:05:35,ルール条件設定画面,LoginController,ログインチェック(boolean)処理,正常終了
2023/12/06 15:05:35,ルール条件設定画面,LoginController,権限チェック(boolean)処理,開始
2023/12/06 15:05:35,ルール条件設定画面,LoginController,権限チェック(boolean)処理,正常終了
2023/12/06 15:05:35,ルール条件設定画面,AuthRuleSetController,初期処理,正常終了
2023/12/06 15:05:40,ログイン画面,LoginController,初期処理,開始
2023/12/06 15:05:40,ログイン画面,LoginController,ログインチェック(boolean)処理,開始
2023/12/06 15:05:40,ログイン画面,LoginController,ログインチェック(boolean)処理,正常終了
2023/12/06 15:05:40,ログイン画面,LoginController,権限チェック(boolean)処理,開始
2023/12/06 15:05:40,ログイン画面,LoginController,権限チェック(boolean)処理,正常終了
2023/12/06 15:05:40,ログイン画面,LoginController,初期処理,正常終了
2023/12/06 15:05:40,メニュー画面,MenuController,初期処理,開始
2023/12/06 15:05:40,メニュー画面,LoginController,ログインチェック(boolean)処理,開始
2023/12/06 15:05:40,メニュー画面,LoginController,ログインチェック(boolean)処理,正常終了
2023/12/06 15:05:40,メニュー画面,LoginController,権限チェック(boolean)処理,開始
2023/12/06 15:05:40,メニュー画面,LoginController,権限チェック(boolean)処理,正常終了
2023/12/06 15:05:40,メニュー画面,MenuController,初期処理,正常終了
2023/12/06 15:21:34,利用者管理機能：利用者検索,UserListController,利用者一覧初期処理,開始
2023/12/06 15:21:34,利用者管理機能：利用者検索,LoginController,ログインチェック(boolean)処理,開始
2023/12/06 15:21:34,利用者管理機能：利用者検索,LoginController,ログインチェック(boolean)処理,正常終了
2023/12/06 15:21:34,利用者管理機能：利用者検索,LoginController,権限チェック(boolean)処理,開始
2023/12/06 15:21:34,利用者管理機能：利用者検索,LoginController,権限チェック(boolean)処理,正常終了
2023/12/06 15:21:34,利用者管理機能：利用者検索,UserListController,利用者一覧初期処理,正常終了
2023/12/06 15:21:39,利用者管理機能：利用者検索,UserListController,利用者一覧検索処理,開始
2023/12/06 15:21:39,利用者管理機能：利用者検索,LoginController,ログインチェック(boolean)処理,開始
2023/12/06 15:21:39,利用者管理機能：利用者検索,LoginController,ログインチェック(boolean)処理,正常終了
2023/12/06 15:21:39,利用者管理機能：利用者検索,LoginController,権限チェック(boolean)処理,開始
2023/12/06 15:21:39,利用者管理機能：利用者検索,LoginController,権限チェック(boolean)処理,正常終了
2023/12/06 15:21:39,ユーザー検索一覧画面,UserList,ユーザー一覧取得,開始
2023/12/06 15:21:39,ユーザー検索一覧画面,UserList,ユーザー件数取得,開始
2023/12/06 15:21:39,ユーザー検索一覧画面,UserList,ユーザー件数取得,正常終了
2023/12/06 15:21:39,ユーザー検索一覧画面,UserList,ユーザー件数取得,開始
2023/12/06 15:21:39,ユーザー検索一覧画面,UserList,ユーザー件数取得,正常終了
2023/12/06 15:21:39,ユーザー検索一覧画面,UserList,ユーザー一覧取得,正常終了
2023/12/06 15:21:39,利用者管理機能：利用者検索,UserListController,利用者一覧検索処理,正常終了
2023/12/06 15:21:42,利用者管理機能：利用者検索,UserListController,利用者詳細画面遷移,開始
2023/12/06 15:21:42,利用者管理機能：利用者検索,LoginController,ログインチェック(boolean)処理,開始
2023/12/06 15:21:42,利用者管理機能：利用者検索,LoginController,ログインチェック(boolean)処理,正常終了
2023/12/06 15:21:42,利用者管理機能：利用者検索,LoginController,権限チェック(boolean)処理,開始
2023/12/06 15:21:42,利用者管理機能：利用者検索,LoginController,権限チェック(boolean)処理,正常終了
2023/12/06 15:21:42,利用者管理機能：利用者検索,UserListController,利用者詳細画面遷移,正常終了
2023/12/06 15:21:42,利用者管理機能：利用者検索,UserSetController,利用者情報登録初期処理,開始
2023/12/06 15:21:42,利用者管理機能：利用者検索,LoginController,ログインチェック(boolean)処理,開始
2023/12/06 15:21:42,利用者管理機能：利用者検索,LoginController,ログインチェック(boolean)処理,正常終了
2023/12/06 15:21:42,利用者管理機能：利用者検索,LoginController,権限チェック(boolean)処理,開始
2023/12/06 15:21:42,利用者管理機能：利用者検索,LoginController,権限チェック(boolean)処理,正常終了
2023/12/06 15:21:42,ユーザー詳細画面,UserDetailDto,ユーザー詳細情報取得,開始
2023/12/06 15:21:42,利用者管理機能：利用者検索,UserSetController,利用者情報登録初期処理,異常終了
2023/12/06 15:21:48,利用者管理機能：利用者検索,UserSetController,利用者情報CSVダイアログ,開始
2023/12/06 15:21:48,利用者管理機能：利用者検索,LoginController,ログインチェック(boolean)処理,開始
2023/12/06 15:21:48,利用者管理機能：利用者検索,LoginController,ログインチェック(boolean)処理,正常終了
2023/12/06 15:21:48,利用者管理機能：利用者検索,LoginController,権限チェック(boolean)処理,開始
2023/12/06 15:21:48,利用者管理機能：利用者検索,LoginController,権限チェック(boolean)処理,正常終了
2023/12/06 15:21:48,ユーザー詳細画面,UserDetailDto,ユーザー詳細情報取得,開始
2023/12/06 15:22:19,利用者管理機能：利用者検索,UserSetController,利用者情報保存処理,開始
2023/12/06 15:22:19,利用者管理機能：利用者検索,LoginController,ログインチェック(boolean)処理,開始
2023/12/06 15:22:19,利用者管理機能：利用者検索,LoginController,ログインチェック(boolean)処理,正常終了
2023/12/06 15:22:19,利用者管理機能：利用者検索,LoginController,権限チェック(boolean)処理,開始
2023/12/06 15:22:19,利用者管理機能：利用者検索,LoginController,権限チェック(boolean)処理,正常終了
2023/12/06 15:22:19,ユーザー詳細画面,UserSetForm,ユーザー詳細保存,開始
2023/12/06 15:22:19,ユーザー詳細画面,UserSetForm,ユーザー詳細保存,正常終了
2023/12/06 15:22:19,利用者管理機能：利用者検索,UserSetController,利用者情報保存処理,正常終了
2023/12/06 15:22:19,利用者管理機能：利用者検索,UserSetController,利用者情報登録初期処理,開始
2023/12/06 15:22:19,利用者管理機能：利用者検索,LoginController,ログインチェック(boolean)処理,開始
2023/12/06 15:22:19,利用者管理機能：利用者検索,LoginController,ログインチェック(boolean)処理,正常終了
2023/12/06 15:22:19,利用者管理機能：利用者検索,LoginController,権限チェック(boolean)処理,開始
2023/12/06 15:22:19,利用者管理機能：利用者検索,LoginController,権限チェック(boolean)処理,正常終了
2023/12/06 15:22:19,ユーザー詳細画面,UserDetailDto,ユーザー詳細情報取得,開始
2023/12/06 15:22:19,利用者管理機能：利用者検索,UserSetController,利用者情報登録初期処理,異常終了
2023/12/06 15:22:24,利用者管理機能：利用者検索,UserSetController,利用者情報CSVダイアログ,開始
2023/12/06 15:22:24,利用者管理機能：利用者検索,LoginController,ログインチェック(boolean)処理,開始
2023/12/06 15:22:24,利用者管理機能：利用者検索,LoginController,ログインチェック(boolean)処理,正常終了
2023/12/06 15:22:24,利用者管理機能：利用者検索,LoginController,権限チェック(boolean)処理,開始
2023/12/06 15:22:24,利用者管理機能：利用者検索,LoginController,権限チェック(boolean)処理,正常終了
2023/12/06 15:22:24,ユーザー詳細画面,UserDetailDto,ユーザー詳細情報取得,開始
2023/12/06 15:22:33,利用者管理機能：利用者検索,UserSetController,利用者情報CSVダイアログ,開始
2023/12/06 15:22:33,利用者管理機能：利用者検索,LoginController,ログインチェック(boolean)処理,開始
2023/12/06 15:22:33,利用者管理機能：利用者検索,LoginController,ログインチェック(boolean)処理,正常終了
2023/12/06 15:22:33,利用者管理機能：利用者検索,LoginController,権限チェック(boolean)処理,開始
2023/12/06 15:22:33,利用者管理機能：利用者検索,LoginController,権限チェック(boolean)処理,正常終了
2023/12/06 15:22:33,ユーザー詳細画面,UserDetailDto,ユーザー詳細情報取得,開始
2023/12/06 16:43:11,ログイン画面,LoginController,初期処理,開始
2023/12/06 16:43:11,ログイン画面,LoginController,ログインチェック(boolean)処理,開始
2023/12/06 16:43:11,ログイン画面,LoginController,ログインチェック(boolean)処理,正常終了
2023/12/06 16:43:11,ログイン画面,LoginController,初期処理,正常終了
2023/12/06 16:43:13,ログイン画面,LoginController,ログイン処理,開始
2023/12/06 16:43:13,ログイン処理,LoginService,LDAP認証,開始
2023/12/06 16:43:13,ログイン処理,LoginService,LDAP認証,正常終了
2023/12/06 16:43:13,ログイン画面,LoginController,権限チェック(boolean)処理,開始
2023/12/06 16:43:13,ログイン画面,LoginController,権限チェック(boolean)処理,正常終了
2023/12/06 16:43:13,ログイン画面,LoginController,ログイン処理,正常終了
2023/12/06 16:43:13,メニュー画面,MenuController,初期処理,開始
2023/12/06 16:43:13,メニュー画面,LoginController,ログインチェック(boolean)処理,開始
2023/12/06 16:43:13,メニュー画面,LoginController,ログインチェック(boolean)処理,正常終了
2023/12/06 16:43:13,メニュー画面,LoginController,権限チェック(boolean)処理,開始
2023/12/06 16:43:13,メニュー画面,LoginController,権限チェック(boolean)処理,正常終了
2023/12/06 16:43:13,メニュー画面,MenuController,初期処理,正常終了
2023/12/06 16:43:16,利用者管理機能：利用者検索,UserListController,利用者一覧初期処理,開始
2023/12/06 16:43:16,利用者管理機能：利用者検索,LoginController,ログインチェック(boolean)処理,開始
2023/12/06 16:43:16,利用者管理機能：利用者検索,LoginController,ログインチェック(boolean)処理,正常終了
2023/12/06 16:43:16,利用者管理機能：利用者検索,LoginController,権限チェック(boolean)処理,開始
2023/12/06 16:43:16,利用者管理機能：利用者検索,LoginController,権限チェック(boolean)処理,正常終了
2023/12/06 16:43:16,利用者管理機能：利用者検索,UserListController,利用者一覧初期処理,正常終了
2023/12/06 16:43:18,利用者管理機能：利用者検索,UserListController,利用者一覧検索処理,開始
2023/12/06 16:43:18,利用者管理機能：利用者検索,LoginController,ログインチェック(boolean)処理,開始
2023/12/06 16:43:18,利用者管理機能：利用者検索,LoginController,ログインチェック(boolean)処理,正常終了
2023/12/06 16:43:18,利用者管理機能：利用者検索,LoginController,権限チェック(boolean)処理,開始
2023/12/06 16:43:18,利用者管理機能：利用者検索,LoginController,権限チェック(boolean)処理,正常終了
2023/12/06 16:43:18,ユーザー検索一覧画面,UserList,ユーザー一覧取得,開始
2023/12/06 16:43:18,ユーザー検索一覧画面,UserList,ユーザー件数取得,開始
2023/12/06 16:43:18,ユーザー検索一覧画面,UserList,ユーザー件数取得,正常終了
2023/12/06 16:43:18,ユーザー検索一覧画面,UserList,ユーザー件数取得,開始
2023/12/06 16:43:18,ユーザー検索一覧画面,UserList,ユーザー件数取得,正常終了
2023/12/06 16:43:18,ユーザー検索一覧画面,UserList,ユーザー一覧取得,正常終了
2023/12/06 16:43:18,利用者管理機能：利用者検索,UserListController,利用者一覧検索処理,正常終了
2023/12/06 16:43:21,利用者管理機能：利用者検索,UserListController,利用者一覧次のページへ移動処理,開始
2023/12/06 16:43:21,利用者管理機能：利用者検索,LoginController,ログインチェック(boolean)処理,開始
2023/12/06 16:43:21,利用者管理機能：利用者検索,LoginController,ログインチェック(boolean)処理,正常終了
2023/12/06 16:43:21,利用者管理機能：利用者検索,LoginController,権限チェック(boolean)処理,開始
2023/12/06 16:43:21,利用者管理機能：利用者検索,LoginController,権限チェック(boolean)処理,正常終了
2023/12/06 16:43:21,ユーザー検索一覧画面,UserList,ユーザー一覧取得,開始
2023/12/06 16:43:21,ユーザー検索一覧画面,UserList,ユーザー件数取得,開始
2023/12/06 16:43:21,ユーザー検索一覧画面,UserList,ユーザー件数取得,正常終了
2023/12/06 16:43:21,ユーザー検索一覧画面,UserList,ユーザー一覧取得,正常終了
2023/12/06 16:43:21,利用者管理機能：利用者検索,UserListController,利用者一覧次のページへ移動処理,正常終了
2023/12/06 16:43:23,利用者管理機能：利用者検索,UserListController,利用者一覧前のページへ移動処理,開始
2023/12/06 16:43:23,利用者管理機能：利用者検索,LoginController,ログインチェック(boolean)処理,開始
2023/12/06 16:43:23,利用者管理機能：利用者検索,LoginController,ログインチェック(boolean)処理,正常終了
2023/12/06 16:43:23,利用者管理機能：利用者検索,LoginController,権限チェック(boolean)処理,開始
2023/12/06 16:43:23,利用者管理機能：利用者検索,LoginController,権限チェック(boolean)処理,正常終了
2023/12/06 16:43:23,ユーザー検索一覧画面,UserList,ユーザー一覧取得,開始
2023/12/06 16:43:23,ユーザー検索一覧画面,UserList,ユーザー件数取得,開始
2023/12/06 16:43:23,ユーザー検索一覧画面,UserList,ユーザー件数取得,正常終了
2023/12/06 16:43:23,ユーザー検索一覧画面,UserList,ユーザー一覧取得,正常終了
2023/12/06 16:43:23,利用者管理機能：利用者検索,UserListController,利用者一覧前のページへ移動処理,正常終了
2023/12/06 16:43:24,利用者管理機能：利用者検索,UserListController,利用者一覧次のページへ移動処理,開始
2023/12/06 16:43:24,利用者管理機能：利用者検索,LoginController,ログインチェック(boolean)処理,開始
2023/12/06 16:43:24,利用者管理機能：利用者検索,LoginController,ログインチェック(boolean)処理,正常終了
2023/12/06 16:43:24,利用者管理機能：利用者検索,LoginController,権限チェック(boolean)処理,開始
2023/12/06 16:43:24,利用者管理機能：利用者検索,LoginController,権限チェック(boolean)処理,正常終了
2023/12/06 16:43:24,ユーザー検索一覧画面,UserList,ユーザー一覧取得,開始
2023/12/06 16:43:24,ユーザー検索一覧画面,UserList,ユーザー件数取得,開始
2023/12/06 16:43:24,ユーザー検索一覧画面,UserList,ユーザー件数取得,正常終了
2023/12/06 16:43:24,ユーザー検索一覧画面,UserList,ユーザー一覧取得,正常終了
2023/12/06 16:43:24,利用者管理機能：利用者検索,UserListController,利用者一覧次のページへ移動処理,正常終了
2023/12/06 16:43:33,利用者管理機能：利用者検索,UserListController,利用者一覧前のページへ移動処理,開始
2023/12/06 16:43:33,利用者管理機能：利用者検索,LoginController,ログインチェック(boolean)処理,開始
2023/12/06 16:43:33,利用者管理機能：利用者検索,LoginController,ログインチェック(boolean)処理,正常終了
2023/12/06 16:43:33,利用者管理機能：利用者検索,LoginController,権限チェック(boolean)処理,開始
2023/12/06 16:43:33,利用者管理機能：利用者検索,LoginController,権限チェック(boolean)処理,正常終了
2023/12/06 16:43:33,ユーザー検索一覧画面,UserList,ユーザー一覧取得,開始
2023/12/06 16:43:33,ユーザー検索一覧画面,UserList,ユーザー件数取得,開始
2023/12/06 16:43:33,ユーザー検索一覧画面,UserList,ユーザー件数取得,正常終了
2023/12/06 16:43:33,ユーザー検索一覧画面,UserList,ユーザー一覧取得,正常終了
2023/12/06 16:43:33,利用者管理機能：利用者検索,UserListController,利用者一覧前のページへ移動処理,正常終了
2023/12/06 16:43:34,利用者管理機能：利用者検索,UserListController,利用者一覧次のページへ移動処理,開始
2023/12/06 16:43:34,利用者管理機能：利用者検索,LoginController,ログインチェック(boolean)処理,開始
2023/12/06 16:43:34,利用者管理機能：利用者検索,LoginController,ログインチェック(boolean)処理,正常終了
2023/12/06 16:43:34,利用者管理機能：利用者検索,LoginController,権限チェック(boolean)処理,開始
2023/12/06 16:43:34,利用者管理機能：利用者検索,LoginController,権限チェック(boolean)処理,正常終了
2023/12/06 16:43:34,ユーザー検索一覧画面,UserList,ユーザー一覧取得,開始
2023/12/06 16:43:34,ユーザー検索一覧画面,UserList,ユーザー件数取得,開始
2023/12/06 16:43:34,ユーザー検索一覧画面,UserList,ユーザー件数取得,正常終了
2023/12/06 16:43:34,ユーザー検索一覧画面,UserList,ユーザー一覧取得,正常終了
2023/12/06 16:43:34,利用者管理機能：利用者検索,UserListController,利用者一覧次のページへ移動処理,正常終了
2023/12/06 16:43:36,利用者管理機能：利用者検索,UserListController,利用者一覧前のページへ移動処理,開始
2023/12/06 16:43:36,利用者管理機能：利用者検索,LoginController,ログインチェック(boolean)処理,開始
2023/12/06 16:43:36,利用者管理機能：利用者検索,LoginController,ログインチェック(boolean)処理,正常終了
2023/12/06 16:43:36,利用者管理機能：利用者検索,LoginController,権限チェック(boolean)処理,開始
2023/12/06 16:43:36,利用者管理機能：利用者検索,LoginController,権限チェック(boolean)処理,正常終了
2023/12/06 16:43:36,ユーザー検索一覧画面,UserList,ユーザー一覧取得,開始
2023/12/06 16:43:36,ユーザー検索一覧画面,UserList,ユーザー件数取得,開始
2023/12/06 16:43:36,ユーザー検索一覧画面,UserList,ユーザー件数取得,正常終了
2023/12/06 16:43:36,ユーザー検索一覧画面,UserList,ユーザー一覧取得,正常終了
2023/12/06 16:43:36,利用者管理機能：利用者検索,UserListController,利用者一覧前のページへ移動処理,正常終了
2023/12/06 16:43:37,利用者管理機能：利用者検索,UserListController,利用者一覧次のページへ移動処理,開始
2023/12/06 16:43:37,利用者管理機能：利用者検索,LoginController,ログインチェック(boolean)処理,開始
2023/12/06 16:43:37,利用者管理機能：利用者検索,LoginController,ログインチェック(boolean)処理,正常終了
2023/12/06 16:43:37,利用者管理機能：利用者検索,LoginController,権限チェック(boolean)処理,開始
2023/12/06 16:43:37,利用者管理機能：利用者検索,LoginController,権限チェック(boolean)処理,正常終了
2023/12/06 16:43:37,ユーザー検索一覧画面,UserList,ユーザー一覧取得,開始
2023/12/06 16:43:37,ユーザー検索一覧画面,UserList,ユーザー件数取得,開始
2023/12/06 16:43:37,ユーザー検索一覧画面,UserList,ユーザー件数取得,正常終了
2023/12/06 16:43:37,ユーザー検索一覧画面,UserList,ユーザー一覧取得,正常終了
2023/12/06 16:43:37,利用者管理機能：利用者検索,UserListController,利用者一覧次のページへ移動処理,正常終了
2023/12/06 16:43:39,利用者管理機能：利用者検索,UserListController,利用者一覧前のページへ移動処理,開始
2023/12/06 16:43:39,利用者管理機能：利用者検索,LoginController,ログインチェック(boolean)処理,開始
2023/12/06 16:43:39,利用者管理機能：利用者検索,LoginController,ログインチェック(boolean)処理,正常終了
2023/12/06 16:43:39,利用者管理機能：利用者検索,LoginController,権限チェック(boolean)処理,開始
2023/12/06 16:43:39,利用者管理機能：利用者検索,LoginController,権限チェック(boolean)処理,正常終了
2023/12/06 16:43:39,ユーザー検索一覧画面,UserList,ユーザー一覧取得,開始
2023/12/06 16:43:39,ユーザー検索一覧画面,UserList,ユーザー件数取得,開始
2023/12/06 16:43:39,ユーザー検索一覧画面,UserList,ユーザー件数取得,正常終了
2023/12/06 16:43:39,ユーザー検索一覧画面,UserList,ユーザー一覧取得,正常終了
2023/12/06 16:43:39,利用者管理機能：利用者検索,UserListController,利用者一覧前のページへ移動処理,正常終了
2023/12/06 16:43:43,利用者管理機能：利用者検索,UserListController,利用者一覧並び順変更処理,開始
2023/12/06 16:43:43,利用者管理機能：利用者検索,LoginController,ログインチェック(boolean)処理,開始
2023/12/06 16:43:43,利用者管理機能：利用者検索,LoginController,ログインチェック(boolean)処理,正常終了
2023/12/06 16:43:43,利用者管理機能：利用者検索,LoginController,権限チェック(boolean)処理,開始
2023/12/06 16:43:43,利用者管理機能：利用者検索,LoginController,権限チェック(boolean)処理,正常終了
2023/12/06 16:43:43,ユーザー検索一覧画面,UserList,ユーザー一覧取得,開始
2023/12/06 16:43:43,ユーザー検索一覧画面,UserList,ユーザー件数取得,開始
2023/12/06 16:43:43,ユーザー検索一覧画面,UserList,ユーザー件数取得,正常終了
2023/12/06 16:43:43,ユーザー検索一覧画面,UserList,ユーザー一覧取得,正常終了
2023/12/06 16:43:43,利用者管理機能：利用者検索,UserListController,利用者一覧並び順変更処理,正常終了
2023/12/06 16:43:44,利用者管理機能：利用者検索,UserListController,利用者一覧並び順変更処理,開始
2023/12/06 16:43:44,利用者管理機能：利用者検索,LoginController,ログインチェック(boolean)処理,開始
2023/12/06 16:43:44,利用者管理機能：利用者検索,LoginController,ログインチェック(boolean)処理,正常終了
2023/12/06 16:43:44,利用者管理機能：利用者検索,LoginController,権限チェック(boolean)処理,開始
2023/12/06 16:43:44,利用者管理機能：利用者検索,LoginController,権限チェック(boolean)処理,正常終了
2023/12/06 16:43:44,ユーザー検索一覧画面,UserList,ユーザー一覧取得,開始
2023/12/06 16:43:44,ユーザー検索一覧画面,UserList,ユーザー件数取得,開始
2023/12/06 16:43:44,ユーザー検索一覧画面,UserList,ユーザー件数取得,正常終了
2023/12/06 16:43:44,ユーザー検索一覧画面,UserList,ユーザー一覧取得,正常終了
2023/12/06 16:43:44,利用者管理機能：利用者検索,UserListController,利用者一覧並び順変更処理,正常終了
2023/12/06 16:43:44,利用者管理機能：利用者検索,UserListController,利用者一覧並び順変更処理,開始
2023/12/06 16:43:44,利用者管理機能：利用者検索,LoginController,ログインチェック(boolean)処理,開始
2023/12/06 16:43:44,利用者管理機能：利用者検索,LoginController,ログインチェック(boolean)処理,正常終了
2023/12/06 16:43:44,利用者管理機能：利用者検索,LoginController,権限チェック(boolean)処理,開始
2023/12/06 16:43:44,利用者管理機能：利用者検索,LoginController,権限チェック(boolean)処理,正常終了
2023/12/06 16:43:44,ユーザー検索一覧画面,UserList,ユーザー一覧取得,開始
2023/12/06 16:43:44,ユーザー検索一覧画面,UserList,ユーザー件数取得,開始
2023/12/06 16:43:44,ユーザー検索一覧画面,UserList,ユーザー件数取得,正常終了
2023/12/06 16:43:44,ユーザー検索一覧画面,UserList,ユーザー一覧取得,正常終了
2023/12/06 16:43:44,利用者管理機能：利用者検索,UserListController,利用者一覧並び順変更処理,正常終了
2023/12/06 16:43:45,利用者管理機能：利用者検索,UserListController,利用者一覧並び順変更処理,開始
2023/12/06 16:43:45,利用者管理機能：利用者検索,LoginController,ログインチェック(boolean)処理,開始
2023/12/06 16:43:45,利用者管理機能：利用者検索,LoginController,ログインチェック(boolean)処理,正常終了
2023/12/06 16:43:45,利用者管理機能：利用者検索,LoginController,権限チェック(boolean)処理,開始
2023/12/06 16:43:45,利用者管理機能：利用者検索,LoginController,権限チェック(boolean)処理,正常終了
2023/12/06 16:43:45,ユーザー検索一覧画面,UserList,ユーザー一覧取得,開始
2023/12/06 16:43:45,ユーザー検索一覧画面,UserList,ユーザー件数取得,開始
2023/12/06 16:43:45,ユーザー検索一覧画面,UserList,ユーザー件数取得,正常終了
2023/12/06 16:43:45,ユーザー検索一覧画面,UserList,ユーザー一覧取得,正常終了
2023/12/06 16:43:45,利用者管理機能：利用者検索,UserListController,利用者一覧並び順変更処理,正常終了
2023/12/06 16:43:46,利用者管理機能：利用者検索,UserListController,利用者一覧並び順変更処理,開始
2023/12/06 16:43:46,利用者管理機能：利用者検索,LoginController,ログインチェック(boolean)処理,開始
2023/12/06 16:43:46,利用者管理機能：利用者検索,LoginController,ログインチェック(boolean)処理,正常終了
2023/12/06 16:43:46,利用者管理機能：利用者検索,LoginController,権限チェック(boolean)処理,開始
2023/12/06 16:43:46,利用者管理機能：利用者検索,LoginController,権限チェック(boolean)処理,正常終了
2023/12/06 16:43:46,ユーザー検索一覧画面,UserList,ユーザー一覧取得,開始
2023/12/06 16:43:46,ユーザー検索一覧画面,UserList,ユーザー件数取得,開始
2023/12/06 16:43:46,ユーザー検索一覧画面,UserList,ユーザー件数取得,正常終了
2023/12/06 16:43:46,ユーザー検索一覧画面,UserList,ユーザー一覧取得,正常終了
2023/12/06 16:43:46,利用者管理機能：利用者検索,UserListController,利用者一覧並び順変更処理,正常終了
2023/12/06 17:01:07,ログイン画面,LoginController,初期処理,開始
2023/12/06 17:01:07,ログイン画面,LoginController,ログインチェック(boolean)処理,開始
2023/12/06 17:01:07,ログイン画面,LoginController,ログインチェック(boolean)処理,正常終了
2023/12/06 17:01:07,ログイン画面,LoginController,初期処理,正常終了
2023/12/06 17:01:12,ログイン画面,LoginController,初期処理,開始
2023/12/06 17:01:12,ログイン画面,LoginController,ログインチェック(boolean)処理,開始
2023/12/06 17:01:12,ログイン画面,LoginController,ログインチェック(boolean)処理,正常終了
2023/12/06 17:01:12,ログイン画面,LoginController,初期処理,正常終了
2023/12/06 17:08:04,ログイン画面,LoginController,初期処理,開始
2023/12/06 17:08:04,ログイン画面,LoginController,ログインチェック(boolean)処理,開始
2023/12/06 17:08:04,ログイン画面,LoginController,ログインチェック(boolean)処理,正常終了
2023/12/06 17:08:04,ログイン画面,LoginController,初期処理,正常終了
2023/12/06 17:08:10,ログイン画面,LoginController,初期処理,開始
2023/12/06 17:08:10,ログイン画面,LoginController,ログインチェック(boolean)処理,開始
2023/12/06 17:08:10,ログイン画面,LoginController,ログインチェック(boolean)処理,正常終了
2023/12/06 17:08:10,ログイン画面,LoginController,初期処理,正常終了
2023/12/06 17:34:01,ログイン画面,LoginController,初期処理,開始
2023/12/06 17:34:01,ログイン画面,LoginController,ログインチェック(boolean)処理,開始
2023/12/06 17:34:01,ログイン画面,LoginController,ログインチェック(boolean)処理,正常終了
2023/12/06 17:34:01,ログイン画面,LoginController,初期処理,正常終了
2023/12/06 17:40:38,ログイン画面,LoginController,初期処理,開始
2023/12/06 17:40:38,ログイン画面,LoginController,ログインチェック(boolean)処理,開始
2023/12/06 17:40:38,ログイン画面,LoginController,ログインチェック(boolean)処理,正常終了
2023/12/06 17:40:38,ログイン画面,LoginController,初期処理,正常終了
2023/12/06 17:40:47,ログイン画面,LoginController,ログイン処理,開始
2023/12/06 17:40:47,ログイン処理,LoginService,LDAP認証,開始
2023/12/06 17:40:47,ログイン処理,LoginService,LDAP認証,正常終了
2023/12/06 17:40:47,ログイン画面,LoginController,権限チェック(boolean)処理,開始
2023/12/06 17:40:47,ログイン画面,LoginController,権限チェック(boolean)処理,正常終了
2023/12/06 17:40:47,ログイン画面,LoginController,ログイン処理,正常終了
2023/12/06 17:40:47,メニュー画面,MenuController,初期処理,開始
2023/12/06 17:40:47,メニュー画面,LoginController,ログインチェック(boolean)処理,開始
2023/12/06 17:40:47,メニュー画面,LoginController,ログインチェック(boolean)処理,正常終了
2023/12/06 17:40:47,メニュー画面,LoginController,権限チェック(boolean)処理,開始
2023/12/06 17:40:47,メニュー画面,LoginController,権限チェック(boolean)処理,正常終了
2023/12/06 17:40:47,メニュー画面,MenuController,初期処理,正常終了
2023/12/06 18:01:18,ログイン画面,LoginController,初期処理,開始
2023/12/06 18:01:18,ログイン画面,LoginController,ログインチェック(boolean)処理,開始
2023/12/06 18:01:18,ログイン画面,LoginController,ログインチェック(boolean)処理,正常終了
2023/12/06 18:01:18,ログイン画面,LoginController,初期処理,正常終了
2023/12/06 18:01:20,ログイン画面,LoginController,ログイン処理,開始
2023/12/06 18:01:20,ログイン処理,LoginService,LDAP認証,開始
2023/12/06 18:01:20,ログイン処理,LoginService,LDAP認証,正常終了
2023/12/06 18:01:20,ログイン画面,LoginController,権限チェック(boolean)処理,開始
2023/12/06 18:01:20,ログイン画面,LoginController,権限チェック(boolean)処理,正常終了
2023/12/06 18:01:20,ログイン画面,LoginController,ログイン処理,正常終了
2023/12/06 18:01:20,メニュー画面,MenuController,初期処理,開始
2023/12/06 18:01:20,メニュー画面,LoginController,ログインチェック(boolean)処理,開始
2023/12/06 18:01:20,メニュー画面,LoginController,ログインチェック(boolean)処理,正常終了
2023/12/06 18:01:20,メニュー画面,LoginController,権限チェック(boolean)処理,開始
2023/12/06 18:01:20,メニュー画面,LoginController,権限チェック(boolean)処理,正常終了
2023/12/06 18:01:20,メニュー画面,MenuController,初期処理,正常終了
2023/12/06 18:01:23,利用者管理機能：利用者検索,UserListController,利用者一覧初期処理,開始
2023/12/06 18:01:23,利用者管理機能：利用者検索,LoginController,ログインチェック(boolean)処理,開始
2023/12/06 18:01:23,利用者管理機能：利用者検索,LoginController,ログインチェック(boolean)処理,正常終了
2023/12/06 18:01:23,利用者管理機能：利用者検索,LoginController,権限チェック(boolean)処理,開始
2023/12/06 18:01:23,利用者管理機能：利用者検索,LoginController,権限チェック(boolean)処理,正常終了
2023/12/06 18:01:23,利用者管理機能：利用者検索,UserListController,利用者一覧初期処理,正常終了
2023/12/06 18:01:27,利用者管理機能：利用者検索,UserListController,利用者一覧検索処理,開始
2023/12/06 18:01:27,利用者管理機能：利用者検索,LoginController,ログインチェック(boolean)処理,開始
2023/12/06 18:01:27,利用者管理機能：利用者検索,LoginController,ログインチェック(boolean)処理,正常終了
2023/12/06 18:01:27,利用者管理機能：利用者検索,LoginController,権限チェック(boolean)処理,開始
2023/12/06 18:01:27,利用者管理機能：利用者検索,LoginController,権限チェック(boolean)処理,正常終了
2023/12/06 18:01:27,ユーザー検索一覧画面,UserList,ユーザー一覧取得,開始
2023/12/06 18:01:27,ユーザー検索一覧画面,UserList,ユーザー件数取得,開始
2023/12/06 18:01:27,ユーザー検索一覧画面,UserList,ユーザー件数取得,正常終了
2023/12/06 18:01:27,ユーザー検索一覧画面,UserList,ユーザー件数取得,開始
2023/12/06 18:01:27,ユーザー検索一覧画面,UserList,ユーザー件数取得,正常終了
2023/12/06 18:01:27,ユーザー検索一覧画面,UserList,ユーザー一覧取得,正常終了
2023/12/06 18:01:27,利用者管理機能：利用者検索,UserListController,利用者一覧検索処理,正常終了
2023/12/06 18:01:29,利用者管理機能：利用者検索,UserListController,利用者詳細画面遷移,開始
2023/12/06 18:01:29,利用者管理機能：利用者検索,LoginController,ログインチェック(boolean)処理,開始
2023/12/06 18:01:29,利用者管理機能：利用者検索,LoginController,ログインチェック(boolean)処理,正常終了
2023/12/06 18:01:29,利用者管理機能：利用者検索,LoginController,権限チェック(boolean)処理,開始
2023/12/06 18:01:29,利用者管理機能：利用者検索,LoginController,権限チェック(boolean)処理,正常終了
2023/12/06 18:01:29,利用者管理機能：利用者検索,UserListController,利用者詳細画面遷移,正常終了
2023/12/06 18:01:29,利用者管理機能：利用者検索,UserSetController,利用者情報登録初期処理,開始
2023/12/06 18:01:29,利用者管理機能：利用者検索,LoginController,ログインチェック(boolean)処理,開始
2023/12/06 18:01:29,利用者管理機能：利用者検索,LoginController,ログインチェック(boolean)処理,正常終了
2023/12/06 18:01:29,利用者管理機能：利用者検索,LoginController,権限チェック(boolean)処理,開始
2023/12/06 18:01:29,利用者管理機能：利用者検索,LoginController,権限チェック(boolean)処理,正常終了
2023/12/06 18:01:29,ユーザー詳細画面,UserDetailDto,ユーザー詳細情報取得,開始
2023/12/06 18:01:30,利用者管理機能：利用者検索,UserSetController,利用者情報登録初期処理,異常終了
2023/12/06 18:01:54,利用者管理機能：利用者検索,UserListController,利用者一覧初期処理,開始
2023/12/06 18:01:54,利用者管理機能：利用者検索,LoginController,ログインチェック(boolean)処理,開始
2023/12/06 18:01:54,利用者管理機能：利用者検索,LoginController,ログインチェック(boolean)処理,正常終了
2023/12/06 18:01:54,利用者管理機能：利用者検索,LoginController,権限チェック(boolean)処理,開始
2023/12/06 18:01:54,利用者管理機能：利用者検索,LoginController,権限チェック(boolean)処理,正常終了
2023/12/06 18:01:54,利用者管理機能：利用者検索,UserListController,利用者一覧初期処理,正常終了
2023/12/06 18:01:59,利用者管理機能：利用者検索,UserListController,利用者一覧検索処理,開始
2023/12/06 18:01:59,利用者管理機能：利用者検索,LoginController,ログインチェック(boolean)処理,開始
2023/12/06 18:01:59,利用者管理機能：利用者検索,LoginController,ログインチェック(boolean)処理,正常終了
2023/12/06 18:01:59,利用者管理機能：利用者検索,LoginController,権限チェック(boolean)処理,開始
2023/12/06 18:01:59,利用者管理機能：利用者検索,LoginController,権限チェック(boolean)処理,正常終了
2023/12/06 18:01:59,ユーザー検索一覧画面,UserList,ユーザー一覧取得,開始
2023/12/06 18:01:59,ユーザー検索一覧画面,UserList,ユーザー件数取得,開始
2023/12/06 18:01:59,ユーザー検索一覧画面,UserList,ユーザー件数取得,正常終了
2023/12/06 18:01:59,ユーザー検索一覧画面,UserList,ユーザー件数取得,開始
2023/12/06 18:01:59,ユーザー検索一覧画面,UserList,ユーザー件数取得,正常終了
2023/12/06 18:01:59,ユーザー検索一覧画面,UserList,ユーザー一覧取得,正常終了
2023/12/06 18:01:59,利用者管理機能：利用者検索,UserListController,利用者一覧検索処理,正常終了
2023/12/06 18:02:05,利用者管理機能：利用者検索,UserListController,利用者詳細画面遷移,開始
2023/12/06 18:02:05,利用者管理機能：利用者検索,LoginController,ログインチェック(boolean)処理,開始
2023/12/06 18:02:05,利用者管理機能：利用者検索,LoginController,ログインチェック(boolean)処理,正常終了
2023/12/06 18:02:05,利用者管理機能：利用者検索,LoginController,権限チェック(boolean)処理,開始
2023/12/06 18:02:05,利用者管理機能：利用者検索,LoginController,権限チェック(boolean)処理,正常終了
2023/12/06 18:02:05,利用者管理機能：利用者検索,UserListController,利用者詳細画面遷移,正常終了
2023/12/06 18:02:05,利用者管理機能：利用者検索,UserSetController,利用者情報登録初期処理,開始
2023/12/06 18:02:05,利用者管理機能：利用者検索,LoginController,ログインチェック(boolean)処理,開始
2023/12/06 18:02:05,利用者管理機能：利用者検索,LoginController,ログインチェック(boolean)処理,正常終了
2023/12/06 18:02:05,利用者管理機能：利用者検索,LoginController,権限チェック(boolean)処理,開始
2023/12/06 18:02:05,利用者管理機能：利用者検索,LoginController,権限チェック(boolean)処理,正常終了
2023/12/06 18:02:05,ユーザー詳細画面,UserDetailDto,ユーザー詳細情報取得,開始
2023/12/06 18:02:05,利用者管理機能：利用者検索,UserSetController,利用者情報登録初期処理,異常終了
2023/12/06 18:02:07,利用者管理機能：利用者検索,UserListController,利用者一覧初期処理,開始
2023/12/06 18:02:07,利用者管理機能：利用者検索,LoginController,ログインチェック(boolean)処理,開始
2023/12/06 18:02:07,利用者管理機能：利用者検索,LoginController,ログインチェック(boolean)処理,正常終了
2023/12/06 18:02:07,利用者管理機能：利用者検索,LoginController,権限チェック(boolean)処理,開始
2023/12/06 18:02:07,利用者管理機能：利用者検索,LoginController,権限チェック(boolean)処理,正常終了
2023/12/06 18:02:07,利用者管理機能：利用者検索,UserListController,利用者一覧初期処理,正常終了
2023/12/06 18:02:09,利用者管理機能：利用者検索,UserListController,利用者一覧検索処理,開始
2023/12/06 18:02:09,利用者管理機能：利用者検索,LoginController,ログインチェック(boolean)処理,開始
2023/12/06 18:02:09,利用者管理機能：利用者検索,LoginController,ログインチェック(boolean)処理,正常終了
2023/12/06 18:02:09,利用者管理機能：利用者検索,LoginController,権限チェック(boolean)処理,開始
2023/12/06 18:02:09,利用者管理機能：利用者検索,LoginController,権限チェック(boolean)処理,正常終了
2023/12/06 18:02:09,ユーザー検索一覧画面,UserList,ユーザー一覧取得,開始
2023/12/06 18:02:09,ユーザー検索一覧画面,UserList,ユーザー件数取得,開始
2023/12/06 18:02:09,ユーザー検索一覧画面,UserList,ユーザー件数取得,正常終了
2023/12/06 18:02:09,ユーザー検索一覧画面,UserList,ユーザー件数取得,開始
2023/12/06 18:02:09,ユーザー検索一覧画面,UserList,ユーザー件数取得,正常終了
2023/12/06 18:02:09,ユーザー検索一覧画面,UserList,ユーザー一覧取得,正常終了
2023/12/06 18:02:09,利用者管理機能：利用者検索,UserListController,利用者一覧検索処理,正常終了
2023/12/06 18:02:20,利用者管理機能：利用者検索,UserListController,利用者詳細画面遷移,開始
2023/12/06 18:02:20,利用者管理機能：利用者検索,LoginController,ログインチェック(boolean)処理,開始
2023/12/06 18:02:20,利用者管理機能：利用者検索,LoginController,ログインチェック(boolean)処理,正常終了
2023/12/06 18:02:20,利用者管理機能：利用者検索,LoginController,権限チェック(boolean)処理,開始
2023/12/06 18:02:20,利用者管理機能：利用者検索,LoginController,権限チェック(boolean)処理,正常終了
2023/12/06 18:02:20,利用者管理機能：利用者検索,UserListController,利用者詳細画面遷移,正常終了
2023/12/06 18:02:20,利用者管理機能：利用者検索,UserSetController,利用者情報登録初期処理,開始
2023/12/06 18:02:20,利用者管理機能：利用者検索,LoginController,ログインチェック(boolean)処理,開始
2023/12/06 18:02:20,利用者管理機能：利用者検索,LoginController,ログインチェック(boolean)処理,正常終了
2023/12/06 18:02:20,利用者管理機能：利用者検索,LoginController,権限チェック(boolean)処理,開始
2023/12/06 18:02:20,利用者管理機能：利用者検索,LoginController,権限チェック(boolean)処理,正常終了
2023/12/06 18:02:20,ユーザー詳細画面,UserDetailDto,ユーザー詳細情報取得,開始
2023/12/06 18:02:20,利用者管理機能：利用者検索,UserSetController,利用者情報登録初期処理,異常終了
2023/12/06 18:02:22,利用者管理機能：利用者検索,UserListController,利用者一覧初期処理,開始
2023/12/06 18:02:22,利用者管理機能：利用者検索,LoginController,ログインチェック(boolean)処理,開始
2023/12/06 18:02:22,利用者管理機能：利用者検索,LoginController,ログインチェック(boolean)処理,正常終了
2023/12/06 18:02:22,利用者管理機能：利用者検索,LoginController,権限チェック(boolean)処理,開始
2023/12/06 18:02:22,利用者管理機能：利用者検索,LoginController,権限チェック(boolean)処理,正常終了
2023/12/06 18:02:22,利用者管理機能：利用者検索,UserListController,利用者一覧初期処理,正常終了
2023/12/06 18:02:26,ログイン画面,LoginController,初期処理,開始
2023/12/06 18:02:26,ログイン画面,LoginController,ログインチェック(boolean)処理,開始
2023/12/06 18:02:26,ログイン画面,LoginController,ログインチェック(boolean)処理,正常終了
2023/12/06 18:02:26,ログイン画面,LoginController,権限チェック(boolean)処理,開始
2023/12/06 18:02:26,ログイン画面,LoginController,権限チェック(boolean)処理,正常終了
2023/12/06 18:02:26,ログイン画面,LoginController,初期処理,正常終了
2023/12/06 18:02:26,メニュー画面,MenuController,初期処理,開始
2023/12/06 18:02:26,メニュー画面,LoginController,ログインチェック(boolean)処理,開始
2023/12/06 18:02:26,メニュー画面,LoginController,ログインチェック(boolean)処理,正常終了
2023/12/06 18:02:26,メニュー画面,LoginController,権限チェック(boolean)処理,開始
2023/12/06 18:02:26,メニュー画面,LoginController,権限チェック(boolean)処理,正常終了
2023/12/06 18:02:26,メニュー画面,MenuController,初期処理,正常終了
2023/12/06 18:02:28,利用者管理機能：利用者検索,UserListController,利用者一覧初期処理,開始
2023/12/06 18:02:28,利用者管理機能：利用者検索,LoginController,ログインチェック(boolean)処理,開始
2023/12/06 18:02:28,利用者管理機能：利用者検索,LoginController,ログインチェック(boolean)処理,正常終了
2023/12/06 18:02:28,利用者管理機能：利用者検索,LoginController,権限チェック(boolean)処理,開始
2023/12/06 18:02:28,利用者管理機能：利用者検索,LoginController,権限チェック(boolean)処理,正常終了
2023/12/06 18:02:28,利用者管理機能：利用者検索,UserListController,利用者一覧初期処理,正常終了
2023/12/06 18:02:29,利用者管理機能：利用者検索,UserListController,利用者一覧検索処理,開始
2023/12/06 18:02:29,利用者管理機能：利用者検索,LoginController,ログインチェック(boolean)処理,開始
2023/12/06 18:02:29,利用者管理機能：利用者検索,LoginController,ログインチェック(boolean)処理,正常終了
2023/12/06 18:02:29,利用者管理機能：利用者検索,LoginController,権限チェック(boolean)処理,開始
2023/12/06 18:02:29,利用者管理機能：利用者検索,LoginController,権限チェック(boolean)処理,正常終了
2023/12/06 18:02:29,ユーザー検索一覧画面,UserList,ユーザー一覧取得,開始
2023/12/06 18:02:29,ユーザー検索一覧画面,UserList,ユーザー件数取得,開始
2023/12/06 18:02:29,ユーザー検索一覧画面,UserList,ユーザー件数取得,正常終了
2023/12/06 18:02:29,ユーザー検索一覧画面,UserList,ユーザー件数取得,開始
2023/12/06 18:02:29,ユーザー検索一覧画面,UserList,ユーザー件数取得,正常終了
2023/12/06 18:02:29,ユーザー検索一覧画面,UserList,ユーザー一覧取得,正常終了
2023/12/06 18:02:29,利用者管理機能：利用者検索,UserListController,利用者一覧検索処理,正常終了
2023/12/06 18:02:31,利用者管理機能：利用者検索,UserListController,利用者詳細画面遷移,開始
2023/12/06 18:02:31,利用者管理機能：利用者検索,LoginController,ログインチェック(boolean)処理,開始
2023/12/06 18:02:31,利用者管理機能：利用者検索,LoginController,ログインチェック(boolean)処理,正常終了
2023/12/06 18:02:31,利用者管理機能：利用者検索,LoginController,権限チェック(boolean)処理,開始
2023/12/06 18:02:31,利用者管理機能：利用者検索,LoginController,権限チェック(boolean)処理,正常終了
2023/12/06 18:02:31,利用者管理機能：利用者検索,UserListController,利用者詳細画面遷移,正常終了
2023/12/06 18:02:31,利用者管理機能：利用者検索,UserSetController,利用者情報登録初期処理,開始
2023/12/06 18:02:31,利用者管理機能：利用者検索,LoginController,ログインチェック(boolean)処理,開始
2023/12/06 18:02:31,利用者管理機能：利用者検索,LoginController,ログインチェック(boolean)処理,正常終了
2023/12/06 18:02:31,利用者管理機能：利用者検索,LoginController,権限チェック(boolean)処理,開始
2023/12/06 18:02:31,利用者管理機能：利用者検索,LoginController,権限チェック(boolean)処理,正常終了
2023/12/06 18:02:31,ユーザー詳細画面,UserDetailDto,ユーザー詳細情報取得,開始
2023/12/06 18:02:31,利用者管理機能：利用者検索,UserSetController,利用者情報登録初期処理,異常終了
2023/12/06 18:02:47,利用者管理機能：利用者検索,UserListController,利用者一覧初期処理,開始
2023/12/06 18:02:47,利用者管理機能：利用者検索,LoginController,ログインチェック(boolean)処理,開始
2023/12/06 18:02:47,利用者管理機能：利用者検索,LoginController,ログインチェック(boolean)処理,正常終了
2023/12/06 18:02:47,利用者管理機能：利用者検索,LoginController,権限チェック(boolean)処理,開始
2023/12/06 18:02:47,利用者管理機能：利用者検索,LoginController,権限チェック(boolean)処理,正常終了
2023/12/06 18:02:47,利用者管理機能：利用者検索,UserListController,利用者一覧初期処理,正常終了
2023/12/06 18:02:49,利用者管理機能：利用者検索,UserListController,利用者一覧検索処理,開始
2023/12/06 18:02:49,利用者管理機能：利用者検索,LoginController,ログインチェック(boolean)処理,開始
2023/12/06 18:02:49,利用者管理機能：利用者検索,LoginController,ログインチェック(boolean)処理,正常終了
2023/12/06 18:02:49,利用者管理機能：利用者検索,LoginController,権限チェック(boolean)処理,開始
2023/12/06 18:02:49,利用者管理機能：利用者検索,LoginController,権限チェック(boolean)処理,正常終了
2023/12/06 18:02:49,ユーザー検索一覧画面,UserList,ユーザー一覧取得,開始
2023/12/06 18:02:49,ユーザー検索一覧画面,UserList,ユーザー件数取得,開始
2023/12/06 18:02:49,ユーザー検索一覧画面,UserList,ユーザー件数取得,正常終了
2023/12/06 18:02:49,ユーザー検索一覧画面,UserList,ユーザー件数取得,開始
2023/12/06 18:02:49,ユーザー検索一覧画面,UserList,ユーザー件数取得,正常終了
2023/12/06 18:02:49,ユーザー検索一覧画面,UserList,ユーザー一覧取得,正常終了
2023/12/06 18:02:49,利用者管理機能：利用者検索,UserListController,利用者一覧検索処理,正常終了
2023/12/06 18:02:55,利用者管理機能：利用者検索,UserListController,利用者詳細画面遷移,開始
2023/12/06 18:02:55,利用者管理機能：利用者検索,LoginController,ログインチェック(boolean)処理,開始
2023/12/06 18:02:55,利用者管理機能：利用者検索,LoginController,ログインチェック(boolean)処理,正常終了
2023/12/06 18:02:55,利用者管理機能：利用者検索,LoginController,権限チェック(boolean)処理,開始
2023/12/06 18:02:55,利用者管理機能：利用者検索,LoginController,権限チェック(boolean)処理,正常終了
2023/12/06 18:02:55,利用者管理機能：利用者検索,UserListController,利用者詳細画面遷移,正常終了
2023/12/06 18:02:55,利用者管理機能：利用者検索,UserSetController,利用者情報登録初期処理,開始
2023/12/06 18:02:55,利用者管理機能：利用者検索,LoginController,ログインチェック(boolean)処理,開始
2023/12/06 18:02:55,利用者管理機能：利用者検索,LoginController,ログインチェック(boolean)処理,正常終了
2023/12/06 18:02:55,利用者管理機能：利用者検索,LoginController,権限チェック(boolean)処理,開始
2023/12/06 18:02:55,利用者管理機能：利用者検索,LoginController,権限チェック(boolean)処理,正常終了
2023/12/06 18:02:55,ユーザー詳細画面,UserDetailDto,ユーザー詳細情報取得,開始
2023/12/06 18:02:55,利用者管理機能：利用者検索,UserSetController,利用者情報登録初期処理,異常終了
2023/12/06 18:03:14,利用者管理機能：利用者検索,UserSetController,利用者情報CSVダイアログ,開始
2023/12/06 18:03:14,利用者管理機能：利用者検索,LoginController,ログインチェック(boolean)処理,開始
2023/12/06 18:03:14,利用者管理機能：利用者検索,LoginController,ログインチェック(boolean)処理,正常終了
2023/12/06 18:03:14,利用者管理機能：利用者検索,LoginController,権限チェック(boolean)処理,開始
2023/12/06 18:03:14,利用者管理機能：利用者検索,LoginController,権限チェック(boolean)処理,正常終了
2023/12/06 18:03:14,ユーザー詳細画面,UserDetailDto,ユーザー詳細情報取得,開始
2023/12/06 18:03:24,利用者管理機能：利用者検索,UserSetController,利用者情報CSVダイアログ,開始
2023/12/06 18:03:24,利用者管理機能：利用者検索,LoginController,ログインチェック(boolean)処理,開始
2023/12/06 18:03:24,利用者管理機能：利用者検索,LoginController,ログインチェック(boolean)処理,正常終了
2023/12/06 18:03:24,利用者管理機能：利用者検索,LoginController,権限チェック(boolean)処理,開始
2023/12/06 18:03:24,利用者管理機能：利用者検索,LoginController,権限チェック(boolean)処理,正常終了
2023/12/06 18:03:24,ユーザー詳細画面,UserDetailDto,ユーザー詳細情報取得,開始
2023/12/06 18:03:55,ログイン画面,LoginController,初期処理,開始
2023/12/06 18:03:55,ログイン画面,LoginController,ログインチェック(boolean)処理,開始
2023/12/06 18:03:55,ログイン画面,LoginController,ログインチェック(boolean)処理,正常終了
2023/12/06 18:03:55,ログイン画面,LoginController,権限チェック(boolean)処理,開始
2023/12/06 18:03:55,ログイン画面,LoginController,権限チェック(boolean)処理,正常終了
2023/12/06 18:03:55,ログイン画面,LoginController,初期処理,正常終了
2023/12/06 18:03:55,メニュー画面,MenuController,初期処理,開始
2023/12/06 18:03:55,メニュー画面,LoginController,ログインチェック(boolean)処理,開始
2023/12/06 18:03:55,メニュー画面,LoginController,ログインチェック(boolean)処理,正常終了
2023/12/06 18:03:55,メニュー画面,LoginController,権限チェック(boolean)処理,開始
2023/12/06 18:03:55,メニュー画面,LoginController,権限チェック(boolean)処理,正常終了
2023/12/06 18:03:55,メニュー画面,MenuController,初期処理,正常終了
2023/12/06 18:03:56,利用者管理機能：利用者検索,UserListController,利用者一覧初期処理,開始
2023/12/06 18:03:56,利用者管理機能：利用者検索,LoginController,ログインチェック(boolean)処理,開始
2023/12/06 18:03:56,利用者管理機能：利用者検索,LoginController,ログインチェック(boolean)処理,正常終了
2023/12/06 18:03:56,利用者管理機能：利用者検索,LoginController,権限チェック(boolean)処理,開始
2023/12/06 18:03:56,利用者管理機能：利用者検索,LoginController,権限チェック(boolean)処理,正常終了
2023/12/06 18:03:56,利用者管理機能：利用者検索,UserListController,利用者一覧初期処理,正常終了
2023/12/06 18:04:09,ログイン画面,LoginController,初期処理,開始
2023/12/06 18:04:09,ログイン画面,LoginController,ログインチェック(boolean)処理,開始
2023/12/06 18:04:09,ログイン画面,LoginController,ログインチェック(boolean)処理,正常終了
2023/12/06 18:04:09,ログイン画面,LoginController,権限チェック(boolean)処理,開始
2023/12/06 18:04:09,ログイン画面,LoginController,権限チェック(boolean)処理,正常終了
2023/12/06 18:04:09,ログイン画面,LoginController,初期処理,正常終了
2023/12/06 18:04:09,メニュー画面,MenuController,初期処理,開始
2023/12/06 18:04:09,メニュー画面,LoginController,ログインチェック(boolean)処理,開始
2023/12/06 18:04:09,メニュー画面,LoginController,ログインチェック(boolean)処理,正常終了
2023/12/06 18:04:09,メニュー画面,LoginController,権限チェック(boolean)処理,開始
2023/12/06 18:04:09,メニュー画面,LoginController,権限チェック(boolean)処理,正常終了
2023/12/06 18:04:09,メニュー画面,MenuController,初期処理,正常終了
2023/12/06 18:04:12,ログイン画面,LoginController,ログアウト処理,開始
2023/12/06 18:04:12,ログイン画面,LoginController,ログアウト処理,正常終了
2023/12/06 18:04:12,ログイン画面,LoginController,初期処理,開始
2023/12/06 18:04:12,ログイン画面,LoginController,ログインチェック(boolean)処理,開始
2023/12/06 18:04:12,ログイン画面,LoginController,ログインチェック(boolean)処理,正常終了
2023/12/06 18:04:12,ログイン画面,LoginController,初期処理,正常終了
2023/12/06 18:04:17,ログイン画面,LoginController,ログイン処理,開始
2023/12/06 18:04:17,ログイン処理,LoginService,LDAP認証,開始
2023/12/06 18:04:17,ログイン処理,LoginService,LDAP認証,正常終了
2023/12/06 18:04:17,ログイン画面,LoginController,権限チェック(boolean)処理,開始
2023/12/06 18:04:17,ログイン画面,LoginController,権限チェック(boolean)処理,正常終了
2023/12/06 18:04:17,ログイン画面,LoginController,ログイン処理,正常終了
2023/12/06 18:04:17,メニュー画面,MenuController,初期処理,開始
2023/12/06 18:04:17,メニュー画面,LoginController,ログインチェック(boolean)処理,開始
2023/12/06 18:04:17,メニュー画面,LoginController,ログインチェック(boolean)処理,正常終了
2023/12/06 18:04:17,メニュー画面,LoginController,権限チェック(boolean)処理,開始
2023/12/06 18:04:17,メニュー画面,LoginController,権限チェック(boolean)処理,正常終了
2023/12/06 18:04:17,メニュー画面,MenuController,初期処理,正常終了
2023/12/06 18:04:20,利用者管理機能：利用者検索,UserListController,利用者一覧初期処理,開始
2023/12/06 18:04:20,利用者管理機能：利用者検索,LoginController,ログインチェック(boolean)処理,開始
2023/12/06 18:04:20,利用者管理機能：利用者検索,LoginController,ログインチェック(boolean)処理,正常終了
2023/12/06 18:04:20,利用者管理機能：利用者検索,LoginController,権限チェック(boolean)処理,開始
2023/12/06 18:04:20,利用者管理機能：利用者検索,LoginController,権限チェック(boolean)処理,正常終了
2023/12/06 18:04:20,利用者管理機能：利用者検索,UserListController,利用者一覧初期処理,正常終了
2023/12/06 18:04:22,利用者管理機能：利用者検索,UserListController,利用者一覧検索処理,開始
2023/12/06 18:04:22,利用者管理機能：利用者検索,LoginController,ログインチェック(boolean)処理,開始
2023/12/06 18:04:22,利用者管理機能：利用者検索,LoginController,ログインチェック(boolean)処理,正常終了
2023/12/06 18:04:22,利用者管理機能：利用者検索,LoginController,権限チェック(boolean)処理,開始
2023/12/06 18:04:22,利用者管理機能：利用者検索,LoginController,権限チェック(boolean)処理,正常終了
2023/12/06 18:04:22,ユーザー検索一覧画面,UserList,ユーザー一覧取得,開始
2023/12/06 18:04:22,ユーザー検索一覧画面,UserList,ユーザー件数取得,開始
2023/12/06 18:04:22,ユーザー検索一覧画面,UserList,ユーザー件数取得,正常終了
2023/12/06 18:04:22,ユーザー検索一覧画面,UserList,ユーザー件数取得,開始
2023/12/06 18:04:22,ユーザー検索一覧画面,UserList,ユーザー件数取得,正常終了
2023/12/06 18:04:22,ユーザー検索一覧画面,UserList,ユーザー一覧取得,正常終了
2023/12/06 18:04:22,利用者管理機能：利用者検索,UserListController,利用者一覧検索処理,正常終了
2023/12/06 18:04:24,利用者管理機能：利用者検索,UserListController,利用者詳細画面遷移,開始
2023/12/06 18:04:24,利用者管理機能：利用者検索,LoginController,ログインチェック(boolean)処理,開始
2023/12/06 18:04:24,利用者管理機能：利用者検索,LoginController,ログインチェック(boolean)処理,正常終了
2023/12/06 18:04:24,利用者管理機能：利用者検索,LoginController,権限チェック(boolean)処理,開始
2023/12/06 18:04:24,利用者管理機能：利用者検索,LoginController,権限チェック(boolean)処理,正常終了
2023/12/06 18:04:24,利用者管理機能：利用者検索,UserListController,利用者詳細画面遷移,正常終了
2023/12/06 18:04:24,利用者管理機能：利用者検索,UserSetController,利用者情報登録初期処理,開始
2023/12/06 18:04:24,利用者管理機能：利用者検索,LoginController,ログインチェック(boolean)処理,開始
2023/12/06 18:04:24,利用者管理機能：利用者検索,LoginController,ログインチェック(boolean)処理,正常終了
2023/12/06 18:04:24,利用者管理機能：利用者検索,LoginController,権限チェック(boolean)処理,開始
2023/12/06 18:04:24,利用者管理機能：利用者検索,LoginController,権限チェック(boolean)処理,正常終了
2023/12/06 18:04:24,ユーザー詳細画面,UserDetailDto,ユーザー詳細情報取得,開始
2023/12/06 18:04:24,利用者管理機能：利用者検索,UserSetController,利用者情報登録初期処理,異常終了
2023/12/06 18:04:30,利用者管理機能：利用者検索,UserSetController,利用者情報CSVダイアログ,開始
2023/12/06 18:04:30,利用者管理機能：利用者検索,LoginController,ログインチェック(boolean)処理,開始
2023/12/06 18:04:30,利用者管理機能：利用者検索,LoginController,ログインチェック(boolean)処理,正常終了
2023/12/06 18:04:30,利用者管理機能：利用者検索,LoginController,権限チェック(boolean)処理,開始
2023/12/06 18:04:30,利用者管理機能：利用者検索,LoginController,権限チェック(boolean)処理,正常終了
2023/12/06 18:04:30,ユーザー詳細画面,UserDetailDto,ユーザー詳細情報取得,開始
2023/12/06 18:04:42,利用者管理機能：利用者検索,UserListController,利用者一覧初期処理,開始
2023/12/06 18:04:42,利用者管理機能：利用者検索,LoginController,ログインチェック(boolean)処理,開始
2023/12/06 18:04:42,利用者管理機能：利用者検索,LoginController,ログインチェック(boolean)処理,正常終了
2023/12/06 18:04:42,利用者管理機能：利用者検索,LoginController,権限チェック(boolean)処理,開始
2023/12/06 18:04:42,利用者管理機能：利用者検索,LoginController,権限チェック(boolean)処理,正常終了
2023/12/06 18:04:42,利用者管理機能：利用者検索,UserListController,利用者一覧初期処理,正常終了
2023/12/06 18:04:50,ログイン画面,LoginController,初期処理,開始
2023/12/06 18:04:50,ログイン画面,LoginController,ログインチェック(boolean)処理,開始
2023/12/06 18:04:50,ログイン画面,LoginController,ログインチェック(boolean)処理,正常終了
2023/12/06 18:04:50,ログイン画面,LoginController,権限チェック(boolean)処理,開始
2023/12/06 18:04:50,ログイン画面,LoginController,権限チェック(boolean)処理,正常終了
2023/12/06 18:04:50,ログイン画面,LoginController,初期処理,正常終了
2023/12/06 18:04:50,メニュー画面,MenuController,初期処理,開始
2023/12/06 18:04:50,メニュー画面,LoginController,ログインチェック(boolean)処理,開始
2023/12/06 18:04:50,メニュー画面,LoginController,ログインチェック(boolean)処理,正常終了
2023/12/06 18:04:50,メニュー画面,LoginController,権限チェック(boolean)処理,開始
2023/12/06 18:04:50,メニュー画面,LoginController,権限チェック(boolean)処理,正常終了
2023/12/06 18:04:50,メニュー画面,MenuController,初期処理,正常終了
2023/12/06 18:04:52,グループ設定画面処理,AuthGroupSetController,初期処理,開始
2023/12/06 18:04:52,グループ設定画面処理,AuthGroupSetController,初期処理,正常終了
2023/12/06 18:04:57,グループ検索一覧画面,AuthGroupListController,初期処理,開始
2023/12/06 18:04:57,グループ一覧画面,LoginController,ログインチェック(boolean)処理,開始
2023/12/06 18:04:57,グループ一覧画面,LoginController,ログインチェック(boolean)処理,正常終了
2023/12/06 18:04:57,グループ一覧画面,LoginController,権限チェック(boolean)処理,開始
2023/12/06 18:04:57,グループ一覧画面,LoginController,権限チェック(boolean)処理,正常終了
2023/12/06 18:04:57,グループ検索一覧画面,AuthGroupListController,初期処理,正常終了
2023/12/06 18:05:02,グループ検索一覧画面,AuthGroupListController,検索処理,開始
2023/12/06 18:05:02,グループ検索一覧画面,selectGroupList,グループ一覧取得,開始
2023/12/06 18:05:02,グループ検索一覧画面,selectGroupList,グループ一覧取得,正常終了
2023/12/06 18:05:02,グループ検索一覧画面,AuthGroupListController,検索処理,正常終了
2023/12/06 18:07:37,ログイン画面,LoginController,初期処理,開始
2023/12/06 18:07:37,ログイン画面,LoginController,ログインチェック(boolean)処理,開始
2023/12/06 18:07:37,ログイン画面,LoginController,ログインチェック(boolean)処理,正常終了
2023/12/06 18:07:37,ログイン画面,LoginController,権限チェック(boolean)処理,開始
2023/12/06 18:07:37,ログイン画面,LoginController,権限チェック(boolean)処理,正常終了
2023/12/06 18:07:37,ログイン画面,LoginController,初期処理,正常終了
2023/12/06 18:07:37,メニュー画面,MenuController,初期処理,開始
2023/12/06 18:07:37,メニュー画面,LoginController,ログインチェック(boolean)処理,開始
2023/12/06 18:07:37,メニュー画面,LoginController,ログインチェック(boolean)処理,正常終了
2023/12/06 18:07:37,メニュー画面,LoginController,権限チェック(boolean)処理,開始
2023/12/06 18:07:37,メニュー画面,LoginController,権限チェック(boolean)処理,正常終了
2023/12/06 18:07:37,メニュー画面,MenuController,初期処理,正常終了
2023/12/06 18:07:38,グループ設定画面処理,AuthGroupSetController,初期処理,開始
2023/12/06 18:07:38,グループ設定画面処理,AuthGroupSetController,初期処理,正常終了
2023/12/06 18:07:39,ログイン画面,LoginController,初期処理,開始
2023/12/06 18:07:39,ログイン画面,LoginController,ログインチェック(boolean)処理,開始
2023/12/06 18:07:39,ログイン画面,LoginController,ログインチェック(boolean)処理,正常終了
2023/12/06 18:07:39,ログイン画面,LoginController,権限チェック(boolean)処理,開始
2023/12/06 18:07:39,ログイン画面,LoginController,権限チェック(boolean)処理,正常終了
2023/12/06 18:07:39,ログイン画面,LoginController,初期処理,正常終了
2023/12/06 18:07:39,メニュー画面,MenuController,初期処理,開始
2023/12/06 18:07:39,メニュー画面,LoginController,ログインチェック(boolean)処理,開始
2023/12/06 18:07:39,メニュー画面,LoginController,ログインチェック(boolean)処理,正常終了
2023/12/06 18:07:39,メニュー画面,LoginController,権限チェック(boolean)処理,開始
2023/12/06 18:07:39,メニュー画面,LoginController,権限チェック(boolean)処理,正常終了
2023/12/06 18:07:39,メニュー画面,MenuController,初期処理,正常終了
2023/12/06 18:07:40,ルール条件設定画面,AuthRuleSetController,初期処理,開始
2023/12/06 18:07:40,ルール条件設定画面,LoginController,ログインチェック(boolean)処理,開始
2023/12/06 18:07:40,ルール条件設定画面,LoginController,ログインチェック(boolean)処理,正常終了
2023/12/06 18:07:40,ルール条件設定画面,LoginController,権限チェック(boolean)処理,開始
2023/12/06 18:07:40,ルール条件設定画面,LoginController,権限チェック(boolean)処理,正常終了
2023/12/06 18:07:40,ルール条件設定画面,AuthRuleSetController,初期処理,正常終了
